BKT-T2# sh int trunk

--------------------------------------------------------------------------------
Port          Native  Status        Port
              Vlan                  Channel
--------------------------------------------------------------------------------
Eth1/53       1       trnk-bndl     Po1
Eth1/54       1       trnk-bndl     Po1
Po1           1       trunking      --

--------------------------------------------------------------------------------
Port          Vlans Allowed on Trunk
--------------------------------------------------------------------------------
Eth1/53       1-4094
Eth1/54       1-4094
Po1           1-4094

--------------------------------------------------------------------------------
Port          Vlans Err-disabled on Trunk
--------------------------------------------------------------------------------
Eth1/53       none
Eth1/54       none
Po1           none

--------------------------------------------------------------------------------
Port          STP Forwarding
--------------------------------------------------------------------------------
Eth1/53       none
Eth1/54       none
Po1           1,9-13,21-23,61-64,66,69-71,90,96-114,117-119,121-122,125,127,141-149,151,160-161,170,180,191,201-203,205,207-212,214-220,226,228,230,281,302-305,310-312,351-352,361-362,373,383,390,400-401,403-414,418,4
20-423,430-433,440-442,450,452,460,470-474,481-485,500-503,507-511,513-517,521-523,550-554,556,560-571,600,603,655,660-661,670,684-685,687,695,750-754,756,760-765,770-774,777,781-784,798,801-804,810-812,814,817-820,84
8-856,858-860,890-896,901,911-913,950,982,994-997

--------------------------------------------------------------------------------
Port          Vlans in spanning tree forwarding state and not pruned
--------------------------------------------------------------------------------
Eth1/53       Feature VTP is not enabled
none
Eth1/54       Feature VTP is not enabled
none
Po1           Feature VTP is not enabled
1,9-13,21-23,61-64,66,69-71,90,96-114,117-119,121-122,125,127,141-149,151,160-161,170,180,191,201-203,205,207-212,214-220,226,228,230,281,302-305,310-312,351-352,361-362,373,383,390,400-401,403-414,418,420-423,430-433
,440-442,450,452,460,470-474,481-485,500-503,507-511,513-517,521-523,550-554,556,560-571,600,603,655,660-661,670,684-685,687,695,750-754,756,760-765,770-774,777,781-784,798,801-804,810-812,814,817-820,848-856,858-860,
890-896,901,911-913,950,982,994-997
