BKT-S1# sh int trunk

--------------------------------------------------------------------------------
Port          Native  Status        Port
              Vlan                  Channel
--------------------------------------------------------------------------------
Eth1/1        1       trunking      --
Eth1/2        69      trunking      --
Eth1/3        69      trunking      --
Eth1/4        69      trunking      --
Eth1/5        1       trunking      --
Eth1/6        1       trunking      --
Eth1/7        1       trunking      --
Eth1/8        1       trunking      --
Eth1/9        1       trunking      --
Eth1/10       1       trunking      --
Eth1/11       1       trunking      --
Eth1/12       1       trunking      --
Eth1/13       1       trunking      --
Eth1/14       1       trunking      --
Eth1/15       1       trunking      --
Eth1/16       11      trunking      --
Eth1/21       203     trunking      --
Eth1/23       1       trunking      --
Eth1/31       999     trnk-bndl     Po18
Eth1/32       999     trnk-bndl     Po18
Eth1/35       1       trunking      --
Eth1/36       1       trnk-bndl     Po16
Eth1/38       1       trunking      --
Eth1/39       1       trnk-bndl     Po10
Eth1/40       1       trnk-bndl     Po10
Eth1/41       1       trunking      --
Eth1/42       1       trunking      --
Eth1/43       1       trunking      --
Eth1/44       1       trunking      --
Eth1/45       1       trnk-bndl     Po14
Eth1/46       1       trnk-bndl     Po13
Eth1/47       1       trnk-bndl     Po12
Eth1/48       1       trnk-bndl     Po11
Eth1/50       1       trunking      --
Eth1/51       1       trnk-bndl     Po2
Eth1/53       1       trnk-bndl     Po1
Eth1/54       1       trnk-bndl     Po1
Po1           1       trunking      --
Po2           1       trunking      --
Po10          1       trunking      --
Po11          1       trunking      --
Po12          1       trunking      --
Po13          1       trunking      --
Po14          1       trunking      --
Po15          1       trunking      --
Po16          1       trunking      --
Po18          999     trunking      --

--------------------------------------------------------------------------------
Port          Vlans Allowed on Trunk
--------------------------------------------------------------------------------
Eth1/1        10-1000,1800,2000-2020
Eth1/2        69,431
Eth1/3        69,125,160,201,390,401,411,431,471,802,810
Eth1/4        69,110,125,160,201,212,219,390,401,411,418,431,471,802,810
Eth1/5        10-1000
Eth1/6        69,110,205,431
Eth1/7        10-1000,1800,2000-2020
Eth1/8        69,143,207,211,218,390,431,481-483,817,853
Eth1/9        62,481,484
Eth1/10       40,69,103,110,124,160,205,217,390,401,423,430-431,561,753
Eth1/11       61,310,481,484,500,510-511,802
Eth1/12       61,310,481,484,500,510-511,802
Eth1/13       61,310,481,484,500,510-511,802
Eth1/14       63,69,431,570-571,685,695
Eth1/15       1-4094
Eth1/16       10-1000
Eth1/21       203,223
Eth1/23       61,66,102,146-147,422,483,503
Eth1/31       110,220,422,552,568,999,2000-2020
Eth1/32       110,220,422,552,568,999,2000-2020
Eth1/35       69,110,114,160,201,212,224,303,390,404,418,430-431,560,811,853,860
Eth1/36       61,69,100,110,118,122,215-216,390,430-431,442,554,560,695,753,849
Eth1/38       69,100,160,215,217,401,431,553,560,802,810,821,823,913
Eth1/39       100-1000
Eth1/40       100-1000
Eth1/41       61,63,66,102
Eth1/42       61,63,66,102
Eth1/43       61,63,66,102
Eth1/44       61,63,66,102
Eth1/45       61,63,66,102,422,911
Eth1/46       61,63,66,102,422,911
Eth1/47       61,63,66,102,422,911
Eth1/48       61,63,66,102,422,911
Eth1/50       3333
Eth1/51       10-1000,1800,2000-2020
Eth1/53       1-4094
Eth1/54       1-4094
Po1           1-4094
Po2           10-1000,1800,2000-2020
Po10          100-1000
Po11          61,63,66,102,422,911
Po12          61,63,66,102,422,911
Po13          61,63,66,102,422,911
Po14          61,63,66,102,422,911
Po15          69,160,217,401,431,560,802,821,823,913
Po16          61,69,100,110,118,122,215-216,390,430-431,442,554,560,695,753,849
Po18          110,220,422,552,568,999,2000-2020

--------------------------------------------------------------------------------
Port          Vlans Err-disabled on Trunk
--------------------------------------------------------------------------------
Eth1/1        none
Eth1/2        none
Eth1/3        none
Eth1/4        none
Eth1/5        none
Eth1/6        none
Eth1/7        none
Eth1/8        none
Eth1/9        none
Eth1/10       none
Eth1/11       none
Eth1/12       none
Eth1/13       none
Eth1/14       none
Eth1/15       none
Eth1/16       none
Eth1/21       none
Eth1/23       none
Eth1/31       110
Eth1/32       110
Eth1/35       none
Eth1/36       none
Eth1/38       none
Eth1/39       none
Eth1/40       none
Eth1/41       none
Eth1/42       none
Eth1/43       none
Eth1/44       none
Eth1/45       none
Eth1/46       none
Eth1/47       none
Eth1/48       none
Eth1/50       none
Eth1/51       1800
Eth1/53       1800
Eth1/54       1800
Po1           1800
Po2           1800
Po10          none
Po11          none
Po12          none
Po13          none
Po14          none
Po15          none
Po16          none
Po18          110

--------------------------------------------------------------------------------
Port          STP Forwarding
--------------------------------------------------------------------------------
Eth1/1        10-14,21-23,61-66,69-71,90,96-114,117-119,121-122,125,127,141-149,151,160-161,170,180,191,201-203,205,207-212,214-220,223-224,226,228,230-233,281,294-298,302-305,310-312,351-352,361-362,373,383,390,400-4
01,403-414,418,420-423,430-433,440-442,450,452,460,470-474,481-485,500-504,507-511,513-517,521-523,550-554,556-557,560-571,600,603,655,660-661,666,670,684-685,687,695,750-754,756,760-765,770-774,777,781-784,798,801-80
4,810-812,814,817-821,823,825,848-856,858-861,890-896,901,911-913,950,982,994-997,1800,2000-2011
Eth1/2        69,431
Eth1/3        69,125,160,201,390,401,411,431,471,802,810
Eth1/4        69,110,125,160,201,212,219,390,401,411,418,431,471,802,810
Eth1/5        none
Eth1/6        69,110,205,431
Eth1/7        10-14,21-23,61-66,69-71,90,96-114,117-119,121-122,125,127,141-149,151,160-161,170,180,191,201-203,205,207-212,214-220,223-224,226,228,230-233,281,294-298,302-305,310-312,351-352,361-362,373,383,390,400-4
01,403-414,418,420-423,430-433,440-442,450,452,460,470-474,481-485,500-504,507-511,513-517,521-523,550-554,556-557,560-571,600,603,655,660-661,666,670,684-685,687,695,750-754,756,760-765,770-774,777,781-784,798,801-80
4,810-812,814,817-821,823,825,848-856,858-861,890-896,901,911-913,950,982,994-997,1800,2000-2011
Eth1/8        none
Eth1/9        none
Eth1/10       69,103,110,160,205,217,390,401,423,430-431,561,753
Eth1/11       61,310,481,484,500,510-511,802
Eth1/12       61,310,481,484,500,510-511,802
Eth1/13       61,310,481,484,500,510-511,802
Eth1/14       63,69,431,570-571,685,695
Eth1/15       1,8-14,21-23,61-66,69-71,90,96-114,117-119,121-122,125,127,141-149,151,160-161,170,180,191,201-203,205,207-212,214-220,223-224,226,228,230-233,281,294-298,302-305,310-312,351-352,361-362,373,383,390,400-
401,403-414,418,420-423,430-433,440-442,450,452,460,470-474,481-485,500-504,507-511,513-517,521-523,550-554,556-557,560-571,600,603,655,660-661,666,670,684-685,687,695,750-754,756,760-765,770-774,777,781-784,798,801-8
04,810-812,814,817-821,823,825,848-856,858-861,890-896,901,911-913,950,982,994-997,1111,1800,2000-2011,2022
Eth1/16       10-14,21-23,61-66,69-71,90,96-114,117-119,121-122,125,127,141-149,151,160-161,170,180,191,201-203,205,207-212,214-220,223-224,226,228,230-233,281,294-298,302-305,310-312,351-352,361-362,373,383,390,400-4
01,403-414,418,420-423,430-433,440-442,450,452,460,470-474,481-485,500-504,507-511,513-517,521-523,550-554,556-557,560-571,600,603,655,660-661,666,670,684-685,687,695,750-754,756,760-765,770-774,777,781-784,798,801-80
4,810-812,814,817-821,823,825,848-856,858-861,890-896,901,911-913,950,982,994-997
Eth1/21       203,223
Eth1/23       61,66,102,146-147,422,483,503
Eth1/31       none
Eth1/32       none
Eth1/35       69,110,114,160,201,212,224,303,390,404,418,430-431,560,811,853,860
Eth1/36       none
Eth1/38       69,100,160,215,217,401,431,553,560,802,810,821,823,913
Eth1/39       none
Eth1/40       none
Eth1/41       none
Eth1/42       none
Eth1/43       none
Eth1/44       none
Eth1/45       none
Eth1/46       none
Eth1/47       none
Eth1/48       none
Eth1/50       none
Eth1/51       none
Eth1/53       none
Eth1/54       none
Po1           1,8-14,21-23,61-66,69-71,90,96-114,117-119,121-122,125,127,141-149,151,160-161,170,180,191,201-203,205,207-212,214-220,223-224,226,228,230-233,281,294-298,302-305,310-312,351-352,361-362,373,383,390,400-
401,403-414,418,420-423,430-433,440-442,450,452,460,470-474,481-485,500-504,507-511,513-517,521-523,550-554,556-557,560-571,600,603,655,660-661,666,670,684-685,687,695,750-754,756,760-765,770-774,777,781-784,798,801-8
04,810-812,814,817-821,823,825,848-856,858-861,890-896,901,911-913,950,982,994-997,1111,2000-2011,2022
Po2           10-13,21-23,61-64,66,69-71,90,96-114,117-119,121-122,125,127,141-149,151,160-161,170,180,191,201-203,205,207-212,214-220,226,228,230,281,302-305,310-312,351-352,361-362,373,383,390,400-401,403-407,409-41
4,418,420-423,430-433,440-442,450,452,460,470-474,481-485,500-503,507-511,513-517,521-523,550-554,556,560-571,600,603,655,660-661,666,670,684-685,687,695,750-754,756,760-765,770-774,777,781-784,798,801-804,810-812,814
,817-820,848-856,858-860,890-896,901,911-912,950,982,994-997
Po10          100-114,117-119,121-122,125,127,141-149,151,160-161,170,180,191,201-203,205,207-212,214-220,223-224,226,228,230-233,281,294-298,302-305,310-312,351-352,361-362,373,383,390,400-401,403-414,418,420-423,430
-433,440-442,450,452,460,470-474,481-485,500-504,507-511,513-517,521-523,550-554,556-557,560-571,600,603,655,660-661,666,670,684-685,687,695,750-754,756,760-765,770-774,777,781-784,798,801-804,810-812,814,817-821,823,
825,848-856,858-861,890-896,901,911-913,950,982,994-997
Po11          none
Po12          none
Po13          61,63,66,102,422,911
Po14          61,63,66,102,422,911
Po15          none
Po16          61,69,100,110,118,122,215-216,390,430-431,442,554,560,695,753,849
Po18          220,422,552,568,2000-2011

--------------------------------------------------------------------------------
Port          Vlans in spanning tree forwarding state and not pruned
--------------------------------------------------------------------------------
Eth1/1        Feature VTP is not enabled
10-14,21-23,61-66,69-71,90,96-114,117-119,121-122,125,127,141-149,151,160-161,170,180,191,201-203,205,207-212,214-220,223-224,226,228,230-233,281,294-298,302-305,310-312,351-352,361-362,373,383,390,400-401,403-414,418
,420-423,430-433,440-442,450,452,460,470-474,481-485,500-504,507-511,513-517,521-523,550-554,556-557,560-571,600,603,655,660-661,666,670,684-685,687,695,750-754,756,760-765,770-774,777,781-784,798,801-804,810-812,814,
817-821,823,825,848-856,858-861,890-896,901,911-913,950,982,994-997,1800,2000-2011
Eth1/2        Feature VTP is not enabled
69,431
Eth1/3        Feature VTP is not enabled
69,125,160,201,390,401,411,431,471,802,810
Eth1/4        Feature VTP is not enabled
69,110,125,160,201,212,219,390,401,411,418,431,471,802,810
Eth1/5        Feature VTP is not enabled
none
Eth1/6        Feature VTP is not enabled
69,110,205,431
Eth1/7        Feature VTP is not enabled
10-14,21-23,61-66,69-71,90,96-114,117-119,121-122,125,127,141-149,151,160-161,170,180,191,201-203,205,207-212,214-220,223-224,226,228,230-233,281,294-298,302-305,310-312,351-352,361-362,373,383,390,400-401,403-414,418
,420-423,430-433,440-442,450,452,460,470-474,481-485,500-504,507-511,513-517,521-523,550-554,556-557,560-571,600,603,655,660-661,666,670,684-685,687,695,750-754,756,760-765,770-774,777,781-784,798,801-804,810-812,814,
817-821,823,825,848-856,858-861,890-896,901,911-913,950,982,994-997,1800,2000-2011
Eth1/8        Feature VTP is not enabled
none
Eth1/9        Feature VTP is not enabled
none
Eth1/10       Feature VTP is not enabled
69,103,110,160,205,217,390,401,423,430-431,561,753
Eth1/11       Feature VTP is not enabled
61,310,481,484,500,510-511,802
Eth1/12       Feature VTP is not enabled
61,310,481,484,500,510-511,802
Eth1/13       Feature VTP is not enabled
61,310,481,484,500,510-511,802
Eth1/14       Feature VTP is not enabled
63,69,431,570-571,685,695
Eth1/15       Feature VTP is not enabled
1,8-14,21-23,61-66,69-71,90,96-114,117-119,121-122,125,127,141-149,151,160-161,170,180,191,201-203,205,207-212,214-220,223-224,226,228,230-233,281,294-298,302-305,310-312,351-352,361-362,373,383,390,400-401,403-414,41
8,420-423,430-433,440-442,450,452,460,470-474,481-485,500-504,507-511,513-517,521-523,550-554,556-557,560-571,600,603,655,660-661,666,670,684-685,687,695,750-754,756,760-765,770-774,777,781-784,798,801-804,810-812,814
,817-821,823,825,848-856,858-861,890-896,901,911-913,950,982,994-997,1111,1800,2000-2011,2022
Eth1/16       Feature VTP is not enabled
10-14,21-23,61-66,69-71,90,96-114,117-119,121-122,125,127,141-149,151,160-161,170,180,191,201-203,205,207-212,214-220,223-224,226,228,230-233,281,294-298,302-305,310-312,351-352,361-362,373,383,390,400-401,403-414,418
,420-423,430-433,440-442,450,452,460,470-474,481-485,500-504,507-511,513-517,521-523,550-554,556-557,560-571,600,603,655,660-661,666,670,684-685,687,695,750-754,756,760-765,770-774,777,781-784,798,801-804,810-812,814,
817-821,823,825,848-856,858-861,890-896,901,911-913,950,982,994-997
Eth1/21       Feature VTP is not enabled
203,223
Eth1/23       Feature VTP is not enabled
61,66,102,146-147,422,483,503
Eth1/31       Feature VTP is not enabled
none
Eth1/32       Feature VTP is not enabled
none
Eth1/35       Feature VTP is not enabled
69,110,114,160,201,212,224,303,390,404,418,430-431,560,811,853,860
Eth1/36       Feature VTP is not enabled
none
Eth1/38       Feature VTP is not enabled
69,100,160,215,217,401,431,553,560,802,810,821,823,913
Eth1/39       Feature VTP is not enabled
none
Eth1/40       Feature VTP is not enabled
none
Eth1/41       Feature VTP is not enabled
none
Eth1/42       Feature VTP is not enabled
none
Eth1/43       Feature VTP is not enabled
none
Eth1/44       Feature VTP is not enabled
none
Eth1/45       Feature VTP is not enabled
none
Eth1/46       Feature VTP is not enabled
none
Eth1/47       Feature VTP is not enabled
none
Eth1/48       Feature VTP is not enabled
none
Eth1/50       Feature VTP is not enabled
none
Eth1/51       Feature VTP is not enabled
none
Eth1/53       Feature VTP is not enabled
none
Eth1/54       Feature VTP is not enabled
none
Po1           Feature VTP is not enabled
1,8-14,21-23,61-66,69-71,90,96-114,117-119,121-122,125,127,141-149,151,160-161,170,180,191,201-203,205,207-212,214-220,223-224,226,228,230-233,281,294-298,302-305,310-312,351-352,361-362,373,383,390,400-401,403-414,41
8,420-423,430-433,440-442,450,452,460,470-474,481-485,500-504,507-511,513-517,521-523,550-554,556-557,560-571,600,603,655,660-661,666,670,684-685,687,695,750-754,756,760-765,770-774,777,781-784,798,801-804,810-812,814
,817-821,823,825,848-856,858-861,890-896,901,911-913,950,982,994-997,1111,2000-2011,2022
Po2           Feature VTP is not enabled
10-13,21-23,61-64,66,69-71,90,96-114,117-119,121-122,125,127,141-149,151,160-161,170,180,191,201-203,205,207-212,214-220,226,228,230,281,302-305,310-312,351-352,361-362,373,383,390,400-401,403-407,409-414,418,420-423,
430-433,440-442,450,452,460,470-474,481-485,500-503,507-511,513-517,521-523,550-554,556,560-571,600,603,655,660-661,666,670,684-685,687,695,750-754,756,760-765,770-774,777,781-784,798,801-804,810-812,814,817-820,848-8
56,858-860,890-896,901,911-912,950,982,994-997
Po10          Feature VTP is not enabled
100-114,117-119,121-122,125,127,141-149,151,160-161,170,180,191,201-203,205,207-212,214-220,223-224,226,228,230-233,281,294-298,302-305,310-312,351-352,361-362,373,383,390,400-401,403-414,418,420-423,430-433,440-442,4
50,452,460,470-474,481-485,500-504,507-511,513-517,521-523,550-554,556-557,560-571,600,603,655,660-661,666,670,684-685,687,695,750-754,756,760-765,770-774,777,781-784,798,801-804,810-812,814,817-821,823,825,848-856,85
8-861,890-896,901,911-913,950,982,994-997
Po11          Feature VTP is not enabled
none
Po12          Feature VTP is not enabled
none
Po13          Feature VTP is not enabled
61,63,66,102,422,911
Po14          Feature VTP is not enabled
61,63,66,102,422,911
Po15          Feature VTP is not enabled
none
Po16          Feature VTP is not enabled
61,69,100,110,118,122,215-216,390,430-431,442,554,560,695,753,849
Po18          Feature VTP is not enabled
220,422,552,568,2000-2011
