KKT-T1# sh int trunk

--------------------------------------------------------------------------------
Port          Native  Status        Port
              Vlan                  Channel
--------------------------------------------------------------------------------
Eth1/3        1       trunking      --
Eth1/34       1       trunking      --
Eth1/35       1       trunking      --
Eth1/36       1       trunking      --
Eth1/43       1       trunking      --
Eth1/48       69      trnk-bndl     Po10
Eth1/49       1       trunking      --
Eth1/50       1       trunking      --
Eth1/53       1       trnk-bndl     Po1
Eth1/54       1       trnk-bndl     Po1
Po1           1       trunking      --
Po10          69      trunking      --
Po19          1       trunking      --

--------------------------------------------------------------------------------
Port          Vlans Allowed on Trunk
--------------------------------------------------------------------------------
Eth1/3        10-1000
Eth1/34       69,390,431,687,753
Eth1/35       10-1000
Eth1/36       10-1000
Eth1/43       10-1000
Eth1/48       69,390,422
Eth1/49       10-1000,1111,2222
Eth1/50       1-1000,1111,2222
Eth1/53       1-4094
Eth1/54       1-4094
Po1           1-4094
Po10          69,390,422
Po19          10-1000,1111

--------------------------------------------------------------------------------
Port          Vlans Err-disabled on Trunk
--------------------------------------------------------------------------------
Eth1/3        none
Eth1/34       none
Eth1/35       none
Eth1/36       none
Eth1/43       none
Eth1/48       none
Eth1/49       none
Eth1/50       none
Eth1/53       1111,2222
Eth1/54       1111,2222
Po1           1111,2222
Po10          none
Po19          none

--------------------------------------------------------------------------------
Port          STP Forwarding
--------------------------------------------------------------------------------
Eth1/3        none
Eth1/34       none
Eth1/35       none
Eth1/36       none
Eth1/43       10-13,21-23,61-66,69-71,90,96-114,117-119,121-122,125,127,141-144,146-149,151,160-161,170,180,191,201-203,205,207-212,214-220,223-224,226,228,230,245,281,294-296,298,302-305,310-312,351-352,361-362,373,3
83,390,400-401,403-414,418,420-423,430-433,440-442,450,452,460,470-474,481-485,500-504,507-511,513-517,521-523,550-554,556,560-571,600,603,655,660-661,666,670,684-685,687,695,750-754,756,760-765,770-774,777,781-784,79
8,801-804,810-812,814,817-820,822-823,848-856,858-861,890-896,901,911-913,950,982,994-997
Eth1/48       none
Eth1/49       10-13,21-23,61-66,69-71,90,96-114,117-119,121-122,125,127,141-144,146-149,151,160-161,170,180,191,201-203,205,207-212,214-220,223-224,226,228,230,245,281,294-296,298,302-305,310-312,351-352,361-362,373,3
83,390,400-401,403-414,418,420-423,430-433,440-442,450,452,460,470-474,481-485,500-504,507-511,513-517,521-523,550-554,556,560-571,600,603,655,660-661,666,670,684-685,687,695,750-754,756,760-765,770-774,777,781-784,79
8,801-804,810-812,814,817-820,822-823,848-856,858-861,890-896,901,911-913,950,982,994-997,1111,2222
Eth1/50       1,9-13,21-23,61-66,69-71,90,96-114,117-119,121-122,125,127,141-144,146-149,151,160-161,170,180,191,201-203,205,207-212,214-220,223-224,226,228,230,245,281,294-296,298,302-305,310-312,351-352,361-362,373,
383,390,400-401,403-414,418,420-423,430-433,440-442,450,452,460,470-474,481-485,500-504,507-511,513-517,521-523,550-554,556,560-571,600,603,655,660-661,666,670,684-685,687,695,750-754,756,760-765,770-774,777,781-784,7
98,801-804,810-812,814,817-820,822-823,848-856,858-861,890-896,901,911-913,950,982,994-997,1111,2222
Eth1/53       none
Eth1/54       none
Po1           1,9-13,21-23,61-66,69-71,90,96-114,117-119,121-122,125,127,141-144,146-149,151,160-161,170,180,191,201-203,205,207-212,214-220,223-224,226,228,230,245,281,294-296,298,302-305,310-312,351-352,361-362,373,
383,390,400-401,403-414,418,420-423,430-433,440-442,450,452,460,470-474,481-485,500-504,507-511,513-517,521-523,550-554,556,560-571,600,603,655,660-661,666,670,684-685,687,695,750-754,756,760-765,770-774,777,781-784,7
98,801-804,810-812,814,817-820,822-823,848-856,858-861,890-896,901,911-913,950,982,994-997
Po10          69,390,422
Po19          none

--------------------------------------------------------------------------------
Port          Vlans in spanning tree forwarding state and not pruned
--------------------------------------------------------------------------------
Eth1/3        Feature VTP is not enabled
none
Eth1/34       Feature VTP is not enabled
none
Eth1/35       Feature VTP is not enabled
none
Eth1/36       Feature VTP is not enabled
none
Eth1/43       Feature VTP is not enabled
10-13,21-23,61-66,69-71,90,96-114,117-119,121-122,125,127,141-144,146-149,151,160-161,170,180,191,201-203,205,207-212,214-220,223-224,226,228,230,245,281,294-296,298,302-305,310-312,351-352,361-362,373,383,390,400-401
,403-414,418,420-423,430-433,440-442,450,452,460,470-474,481-485,500-504,507-511,513-517,521-523,550-554,556,560-571,600,603,655,660-661,666,670,684-685,687,695,750-754,756,760-765,770-774,777,781-784,798,801-804,810-
812,814,817-820,822-823,848-856,858-861,890-896,901,911-913,950,982,994-997
Eth1/48       Feature VTP is not enabled
none
Eth1/49       Feature VTP is not enabled
10-13,21-23,61-66,69-71,90,96-114,117-119,121-122,125,127,141-144,146-149,151,160-161,170,180,191,201-203,205,207-212,214-220,223-224,226,228,230,245,281,294-296,298,302-305,310-312,351-352,361-362,373,383,390,400-401
,403-414,418,420-423,430-433,440-442,450,452,460,470-474,481-485,500-504,507-511,513-517,521-523,550-554,556,560-571,600,603,655,660-661,666,670,684-685,687,695,750-754,756,760-765,770-774,777,781-784,798,801-804,810-
812,814,817-820,822-823,848-856,858-861,890-896,901,911-913,950,982,994-997,1111,2222
Eth1/50       Feature VTP is not enabled
1,9-13,21-23,61-66,69-71,90,96-114,117-119,121-122,125,127,141-144,146-149,151,160-161,170,180,191,201-203,205,207-212,214-220,223-224,226,228,230,245,281,294-296,298,302-305,310-312,351-352,361-362,373,383,390,400-40
1,403-414,418,420-423,430-433,440-442,450,452,460,470-474,481-485,500-504,507-511,513-517,521-523,550-554,556,560-571,600,603,655,660-661,666,670,684-685,687,695,750-754,756,760-765,770-774,777,781-784,798,801-804,810
-812,814,817-820,822-823,848-856,858-861,890-896,901,911-913,950,982,994-997,1111,2222
Eth1/53       Feature VTP is not enabled
none
Eth1/54       Feature VTP is not enabled
none
Po1           Feature VTP is not enabled
1,9-13,21-23,61-66,69-71,90,96-114,117-119,121-122,125,127,141-144,146-149,151,160-161,170,180,191,201-203,205,207-212,214-220,223-224,226,228,230,245,281,294-296,298,302-305,310-312,351-352,361-362,373,383,390,400-40
1,403-414,418,420-423,430-433,440-442,450,452,460,470-474,481-485,500-504,507-511,513-517,521-523,550-554,556,560-571,600,603,655,660-661,666,670,684-685,687,695,750-754,756,760-765,770-774,777,781-784,798,801-804,810
-812,814,817-820,822-823,848-856,858-861,890-896,901,911-913,950,982,994-997
Po10          Feature VTP is not enabled
69,390,422
Po19          Feature VTP is not enabled
none
