KKT-S2# sh int trunk

--------------------------------------------------------------------------------
Port          Native  Status        Port
              Vlan                  Channel
--------------------------------------------------------------------------------
Eth1/1        69      trunking      --
Eth1/2        69      trunking      --
Eth1/3        69      trunking      --
Eth1/4        69      trunking      --
Eth1/5        1       trunking      --
Eth1/6        1       trunking      --
Eth1/7        1       trunking      --
Eth1/8        1       trunking      --
Eth1/9        69      trunking      --
Eth1/10       69      trunking      --
Eth1/12       69      trunking      --
Eth1/13       1       trunking      --
Eth1/14       69      trunking      --
Eth1/15       1       trnk-bndl     Po21
Eth1/17       1       trnk-bndl     Po17
Eth1/21       1       trnk-bndl     Po20
Eth1/22       1       trnk-bndl     Po20
Eth1/24       1       trunking      --
Eth1/25       1       trunking      --
Eth1/26       1       trunking      --
Eth1/27       1       trnk-bndl     Po11
Eth1/28       1       trnk-bndl     Po12
Eth1/29       1       trnk-bndl     Po13
Eth1/30       1       trnk-bndl     Po14
Eth1/31       1       trnk-bndl     Po15
Eth1/32       1       trnk-bndl     Po16
Eth1/33       69      trunking      --
Eth1/34       1       trunking      --
Eth1/35       1       trunking      --
Eth1/36       69      trunking      --
Eth1/37       404     trunking      --
Eth1/38       69      trunking      --
Eth1/39       999     trnk-bndl     Po19
Eth1/40       999     trnk-bndl     Po19
Eth1/41       69      trunking      --
Eth1/42       405     trunking      --
Eth1/43       409     trunking      --
Eth1/44       22      trunking      --
Eth1/45       62      trunking      --
Eth1/46       62      trunking      --
Eth1/47       1       trunking      --
Eth1/48       1       trnk-bndl     Po10
Eth1/50       1       trunking      --
Eth1/53       1       trnk-bndl     Po1
Eth1/54       1       trnk-bndl     Po1
Po1           1       trunking      --
Po10          1       not-trunking  --
Po11          1       trunking      --
Po12          1       trunking      --
Po13          1       trunking      --
Po14          1       trunking      --
Po15          1       trunking      --
Po16          1       trunking      --
Po17          1       trunking      --
Po19          999     trunking      --
Po20          1       trunking      --
Po21          1       trunking      --

--------------------------------------------------------------------------------
Port          Vlans Allowed on Trunk
--------------------------------------------------------------------------------
Eth1/1        69,390,431,440,849
Eth1/2        62,69,217,305,390,410,430-431,440,485,849
Eth1/3        69,430-431,433
Eth1/4        62,69,390,401,431,441-442,570,695,849
Eth1/5        10-1000
Eth1/6        10-1000,2000-2020
Eth1/7        10-1000,2000-2020
Eth1/8        62,69,110,305,430-431
Eth1/9        69,110,305,390,430-431,441-442
Eth1/10       21,61-63,65-66,69,84,94-95,98,100,104,106,110-112,118,122,141,180,191,209-211,214-215,230,304,390,400-401,403-405,410-413,422-423,431,471-473,485,560-599,684,750-799,817,849,853,911-912
Eth1/12       21,62,66,69,84,94-95,98,100,106,110-112,118,122,180,191,209-211,214,230,390,400-401,403-405,410-413,422-423,431,471-473,485,560-599,684,750-799,911-912
Eth1/13       69,217,423,563
Eth1/14       69,303,401,603
Eth1/15       61,113
Eth1/17       10-1000
Eth1/21       10-1000
Eth1/22       10-1000
Eth1/24       10-1000
Eth1/25       10-1000
Eth1/26       10-1000
Eth1/27       10-1000
Eth1/28       10-1000
Eth1/29       10-1000
Eth1/30       10-1000
Eth1/31       10-1000
Eth1/32       10-1000
Eth1/33       62,69,100,110,160,207,215,390,401,431,480-485,503,753,811
Eth1/34       1-4094
Eth1/35       1-4094
Eth1/36       62,69,110,212,305,390,403-404,413,418,430-431,433,440,753,851-852
Eth1/37       69,110,207,211,390,404,412,418,420,431,753,999
Eth1/38       69,110,390,430-431,481-483,753
Eth1/39       220,422,552,568,999,2000-2020
Eth1/40       220,422,552,568,999,2000-2020
Eth1/41       69,110,390,410,431,753
Eth1/42       69,110,303,390,401,404-405,412,418,431,603,753
Eth1/43       69,110,352,362,390,409,418,430-431
Eth1/44       22-23,69,110,202,207,211-212,219,303-304,390,407,409-410,413,418,431,460,485,810-820,850-856,858-860
Eth1/45       10-1000
Eth1/46       10-1000
Eth1/47       10-1000
Eth1/48       100-1000
Eth1/50       10-1000
Eth1/53       1-4094
Eth1/54       1-4094
Po1           1-4094
Po10          100-1000
Po11          10-1000
Po12          10-1000
Po13          10-1000
Po14          10-1000
Po15          10-1000
Po16          10-1000
Po17          10-1000
Po19          220,422,552,568,999,2000-2020
Po20          10-1000
Po21          61,113

--------------------------------------------------------------------------------
Port          Vlans Err-disabled on Trunk
--------------------------------------------------------------------------------
Eth1/1        none
Eth1/2        none
Eth1/3        none
Eth1/4        none
Eth1/5        none
Eth1/6        none
Eth1/7        none
Eth1/8        none
Eth1/9        none
Eth1/10       none
Eth1/12       none
Eth1/13       none
Eth1/14       none
Eth1/15       none
Eth1/17       none
Eth1/21       none
Eth1/22       none
Eth1/24       none
Eth1/25       none
Eth1/26       none
Eth1/27       none
Eth1/28       none
Eth1/29       none
Eth1/30       none
Eth1/31       none
Eth1/32       none
Eth1/33       none
Eth1/34       none
Eth1/35       none
Eth1/36       none
Eth1/37       none
Eth1/38       none
Eth1/39       none
Eth1/40       none
Eth1/41       none
Eth1/42       none
Eth1/43       none
Eth1/44       none
Eth1/45       none
Eth1/46       none
Eth1/47       none
Eth1/48       none
Eth1/50       none
Eth1/53       none
Eth1/54       none
Po1           none
Po10          none
Po11          none
Po12          none
Po13          none
Po14          none
Po15          none
Po16          none
Po17          none
Po19          none
Po20          none
Po21          none

--------------------------------------------------------------------------------
Port          STP Forwarding
--------------------------------------------------------------------------------
Eth1/1        69,390,431,440,849
Eth1/2        62,69,217,305,390,410,430-431,440,485,849
Eth1/3        69,430-431,433
Eth1/4        62,69,390,401,431,441-442,570,695,849
Eth1/5        10-14,20-23,61-66,69-71,90,96-114,117-119,121-122,125,127,141-144,146-149,151,160-161,170,180,191,201-203,205,207-212,214-220,223-226,228,230-233,245,281,294-298,302-305,310-312,333,351-352,361-362,373,3
83,390,400-401,403-414,418,420-423,430-433,440-442,450,452,460,470-474,481-485,500-504,507-511,513-517,521-523,550-554,556-557,560-571,600,603,651,655,660-661,666,670,684-685,687,695,750-754,756,760-765,770-774,777,78
1-784,798,801-804,810-812,814,817-823,825,848-856,858-861,870,880-886,888,890-896,901,911-913,950,982,994-997
Eth1/6        10-14,20-23,61-66,69-71,90,96-114,117-119,121-122,125,127,141-144,146-149,151,160-161,170,180,191,201-203,205,207-212,214-220,223-226,228,230-233,245,281,294-298,302-305,310-312,333,351-352,361-362,373,3
83,390,400-401,403-414,418,420-423,430-433,440-442,450,452,460,470-474,481-485,500-504,507-511,513-517,521-523,550-554,556-557,560-571,600,603,651,655,660-661,666,670,684-685,687,695,750-754,756,760-765,770-774,777,78
1-784,798,801-804,810-812,814,817-823,825,848-856,858-861,870,880-886,888,890-896,901,911-913,950,982,994-997,2000-2011
Eth1/7        10-14,20-23,61-66,69-71,90,96-114,117-119,121-122,125,127,141-144,146-149,151,160-161,170,180,191,201-203,205,207-212,214-220,223-226,228,230-233,245,281,294-298,302-305,310-312,333,351-352,361-362,373,3
83,390,400-401,403-414,418,420-423,430-433,440-442,450,452,460,470-474,481-485,500-504,507-511,513-517,521-523,550-554,556-557,560-571,600,603,651,655,660-661,666,670,684-685,687,695,750-754,756,760-765,770-774,777,78
1-784,798,801-804,810-812,814,817-823,825,848-856,858-861,870,880-886,888,890-896,901,911-913,950,982,994-997,2000-2011
Eth1/8        62,69,110,305,430-431
Eth1/9        69,110,305,390,430-431,441-442
Eth1/10       21,61-63,65-66,69,98,100,104,106,110-112,118,122,141,180,191,209-211,214-215,230,304,390,400-401,403-405,410-413,422-423,431,471-473,485,560-571,684,752-754,756,770-774,777,782-783,817,849,853,911-912
Eth1/12       none
Eth1/13       69,217,423,563
Eth1/14       69,303,401,603
Eth1/15       none
Eth1/17       none
Eth1/21       none
Eth1/22       none
Eth1/24       none
Eth1/25       none
Eth1/26       none
Eth1/27       none
Eth1/28       none
Eth1/29       none
Eth1/30       none
Eth1/31       none
Eth1/32       none
Eth1/33       none
Eth1/34       1,9-14,20-23,61-66,69-71,90,96-114,117-119,121-122,125,127,141-144,146-149,151,160-161,170,180,191,201-203,205,207-212,214-220,223-226,228,230-233,245,281,294-298,302-305,310-312,333,351-352,361-362,373,
383,390,400-401,403-414,418,420-423,430-433,440-442,450,452,460,470-474,481-485,500-504,507-511,513-517,521-523,550-554,556-557,560-571,600,603,651,655,660-661,666,670,684-685,687,695,750-754,756,760-765,770-774,777,7
81-784,798,801-804,810-812,814,817-823,825,848-856,858-861,870,880-886,888,890-896,901,911-913,950,982,994-997,2000-2011,2026
Eth1/35       1,9-14,20-23,61-66,69-71,90,96-114,117-119,121-122,125,127,141-144,146-149,151,160-161,170,180,191,201-203,205,207-212,214-220,223-226,228,230-233,245,281,294-298,302-305,310-312,333,351-352,361-362,373,
383,390,400-401,403-414,418,420-423,430-433,440-442,450,452,460,470-474,481-485,500-504,507-511,513-517,521-523,550-554,556-557,560-571,600,603,651,655,660-661,666,670,684-685,687,695,750-754,756,760-765,770-774,777,7
81-784,798,801-804,810-812,814,817-823,825,848-856,858-861,870,880-886,888,890-896,901,911-913,950,982,994-997,2000-2011,2026
Eth1/36       none
Eth1/37       none
Eth1/38       none
Eth1/39       none
Eth1/40       none
Eth1/41       none
Eth1/42       none
Eth1/43       none
Eth1/44       none
Eth1/45       10-14,20-23,61-66,69-71,90,96-114,117-119,121-122,125,127,141-144,146-149,151,160-161,170,180,191,201-203,205,207-212,214-220,223-226,228,230-233,245,281,294-298,302-305,310-312,333,351-352,361-362,373,3
83,390,400-401,403-414,418,420-423,430-433,440-442,450,452,460,470-474,481-485,500-504,507-511,513-517,521-523,550-554,556-557,560-571,600,603,651,655,660-661,666,670,684-685,687,695,750-754,756,760-765,770-774,777,78
1-784,798,801-804,810-812,814,817-823,825,848-856,858-861,870,880-886,888,890-896,901,911-913,950,982,994-997
Eth1/46       10-14,20-23,61-66,69-71,90,96-114,117-119,121-122,125,127,141-144,146-149,151,160-161,170,180,191,201-203,205,207-212,214-220,223-226,228,230-233,245,281,294-298,302-305,310-312,333,351-352,361-362,373,3
83,390,400-401,403-414,418,420-423,430-433,440-442,450,452,460,470-474,481-485,500-504,507-511,513-517,521-523,550-554,556-557,560-571,600,603,651,655,660-661,666,670,684-685,687,695,750-754,756,760-765,770-774,777,78
1-784,798,801-804,810-812,814,817-823,825,848-856,858-861,870,880-886,888,890-896,901,911-913,950,982,994-997
Eth1/47       10-14,20-23,61-66,69-71,90,96-114,117-119,121-122,125,127,141-144,146-149,151,160-161,170,180,191,201-203,205,207-212,214-220,223-226,228,230-233,245,281,294-298,302-305,310-312,333,351-352,361-362,373,3
83,390,400-401,403-414,418,420-423,430-433,440-442,450,452,460,470-474,481-485,500-504,507-511,513-517,521-523,550-554,556-557,560-571,600,603,651,655,660-661,666,670,684-685,687,695,750-754,756,760-765,770-774,777,78
1-784,798,801-804,810-812,814,817-823,825,848-856,858-861,870,880-886,888,890-896,901,911-913,950,982,994-997
Eth1/48       none
Eth1/50       none
Eth1/53       none
Eth1/54       none
Po1           1,9-14,20-23,61-66,69-71,90,96-114,117-119,121-122,125,127,141-144,146-149,151,160-161,170,180,191,201-203,205,207-212,214-220,223-226,228,230-233,245,281,294-298,302-305,310-312,333,351-352,361-362,373,
383,390,400-401,403-414,418,420-423,430-433,440-442,450,452,460,470-474,481-485,500-504,507-511,513-517,521-523,550-554,556-557,560-571,600,603,651,655,660-661,666,670,684-685,687,695,750-754,756,760-765,770-774,777,7
81-784,798,801-804,810-812,814,817-823,825,848-856,858-861,870,880-886,888,890-896,901,911-913,950,982,994-997,2000-2011,2026
Po10          none
Po11          10-14,20-23,61-66,69-71,90,96-114,117-119,121-122,125,127,141-144,146-149,151,160-161,170,180,191,201-203,205,207-212,214-220,223-226,228,230-233,245,281,294-298,302-305,310-312,333,351-352,361-362,373,3
83,390,400-401,403-414,418,420-423,430-433,440-442,450,452,460,470-474,481-485,500-504,507-511,513-517,521-523,550-554,556-557,560-571,600,603,651,655,660-661,666,670,684-685,687,695,750-754,756,760-765,770-774,777,78
1-784,798,801-804,810-812,814,817-823,825,848-856,858-861,870,880-886,888,890-896,901,911-913,950,982,994-997
Po12          10-14,20-23,61-66,69-71,90,96-114,117-119,121-122,125,127,141-144,146-149,151,160-161,170,180,191,201-203,205,207-212,214-220,223-226,228,230-233,245,281,294-298,302-305,310-312,333,351-352,361-362,373,3
83,390,400-401,403-414,418,420-423,430-433,440-442,450,452,460,470-474,481-485,500-504,507-511,513-517,521-523,550-554,556-557,560-571,600,603,651,655,660-661,666,670,684-685,687,695,750-754,756,760-765,770-774,777,78
1-784,798,801-804,810-812,814,817-823,825,848-856,858-861,870,880-886,888,890-896,901,911-913,950,982,994-997
Po13          10-14,20-23,61-66,69-71,90,96-114,117-119,121-122,125,127,141-144,146-149,151,160-161,170,180,191,201-203,205,207-212,214-220,223-226,228,230-233,245,281,294-298,302-305,310-312,333,351-352,361-362,373,3
83,390,400-401,403-414,418,420-423,430-433,440-442,450,452,460,470-474,481-485,500-504,507-511,513-517,521-523,550-554,556-557,560-571,600,603,651,655,660-661,666,670,684-685,687,695,750-754,756,760-765,770-774,777,78
1-784,798,801-804,810-812,814,817-823,825,848-856,858-861,870,880-886,888,890-896,901,911-913,950,982,994-997
Po14          10-14,20-23,61-66,69-71,90,96-114,117-119,121-122,125,127,141-144,146-149,151,160-161,170,180,191,201-203,205,207-212,214-220,223-226,228,230-233,245,281,294-298,302-305,310-312,333,351-352,361-362,373,3
83,390,400-401,403-414,418,420-423,430-433,440-442,450,452,460,470-474,481-485,500-504,507-511,513-517,521-523,550-554,556-557,560-571,600,603,651,655,660-661,666,670,684-685,687,695,750-754,756,760-765,770-774,777,78
1-784,798,801-804,810-812,814,817-823,825,848-856,858-861,870,880-886,888,890-896,901,911-913,950,982,994-997
Po15          10-14,20-23,61-66,69-71,90,96-114,117-119,121-122,125,127,141-144,146-149,151,160-161,170,180,191,201-203,205,207-212,214-220,223-226,228,230-233,245,281,294-298,302-305,310-312,333,351-352,361-362,373,3
83,390,400-401,403-414,418,420-423,430-433,440-442,450,452,460,470-474,481-485,500-504,507-511,513-517,521-523,550-554,556-557,560-571,600,603,651,655,660-661,666,670,684-685,687,695,750-754,756,760-765,770-774,777,78
1-784,798,801-804,810-812,814,817-823,825,848-856,858-861,870,880-886,888,890-896,901,911-913,950,982,994-997
Po16          10-14,20-23,61-66,69-71,90,96-114,117-119,121-122,125,127,141-144,146-149,151,160-161,170,180,191,201-203,205,207-212,214-220,223-226,228,230-233,245,281,294-298,302-305,310-312,333,351-352,361-362,373,3
83,390,400-401,403-414,418,420-423,430-433,440-442,450,452,460,470-474,481-485,500-504,507-511,513-517,521-523,550-554,556-557,560-571,600,603,651,655,660-661,666,670,684-685,687,695,750-754,756,760-765,770-774,777,78
1-784,798,801-804,810-812,814,817-823,825,848-856,858-861,870,880-886,888,890-896,901,911-913,950,982,994-997
Po17          10-14,20-23,61-66,69-71,90,96-114,117-119,121-122,125,127,141-144,146-149,151,160-161,170,180,191,201-203,205,207-212,214-220,223-226,228,230-233,245,281,294-298,302-305,310-312,333,351-352,361-362,373,3
83,390,400-401,403-414,418,420-423,430-433,440-442,450,452,460,470-474,481-485,500-504,507-511,513-517,521-523,550-554,556-557,560-571,600,603,651,655,660-661,666,670,684-685,687,695,750-754,756,760-765,770-774,777,78
1-784,798,801-804,810-812,814,817-823,825,848-856,858-861,870,880-886,888,890-896,901,911-913,950,982,994-997
Po19          220,422,552,568,2000-2011
Po20          10-14,20-23,61-66,69-71,90,96-114,117-119,121-122,125,127,141-144,146-149,151,160-161,170,180,191,201-203,205,207-212,214-220,223-226,228,230-233,245,281,294-298,302-305,310-312,333,351-352,361-362,373,3
83,390,400-401,403-414,418,420-423,430-433,440-442,450,452,460,470-474,481-485,500-504,507-511,513-517,521-523,550-554,556-557,560-571,600,603,651,655,660-661,666,670,684-685,687,695,750-754,756,760-765,770-774,777,78
1-784,798,801-804,810-812,814,817-823,825,848-856,858-861,870,880-886,888,890-896,901,911-913,950,982,994-997
Po21          61,113

--------------------------------------------------------------------------------
Port          Vlans in spanning tree forwarding state and not pruned
--------------------------------------------------------------------------------
Eth1/1        Feature VTP is not enabled
69,390,431,440,849
Eth1/2        Feature VTP is not enabled
62,69,217,305,390,410,430-431,440,485,849
Eth1/3        Feature VTP is not enabled
69,430-431,433
Eth1/4        Feature VTP is not enabled
62,69,390,401,431,441-442,570,695,849
Eth1/5        Feature VTP is not enabled
10-14,20-23,61-66,69-71,90,96-114,117-119,121-122,125,127,141-144,146-149,151,160-161,170,180,191,201-203,205,207-212,214-220,223-226,228,230-233,245,281,294-298,302-305,310-312,333,351-352,361-362,373,383,390,400-401
,403-414,418,420-423,430-433,440-442,450,452,460,470-474,481-485,500-504,507-511,513-517,521-523,550-554,556-557,560-571,600,603,651,655,660-661,666,670,684-685,687,695,750-754,756,760-765,770-774,777,781-784,798,801-
804,810-812,814,817-823,825,848-856,858-861,870,880-886,888,890-896,901,911-913,950,982,994-997
Eth1/6        Feature VTP is not enabled
10-14,20-23,61-66,69-71,90,96-114,117-119,121-122,125,127,141-144,146-149,151,160-161,170,180,191,201-203,205,207-212,214-220,223-226,228,230-233,245,281,294-298,302-305,310-312,333,351-352,361-362,373,383,390,400-401
,403-414,418,420-423,430-433,440-442,450,452,460,470-474,481-485,500-504,507-511,513-517,521-523,550-554,556-557,560-571,600,603,651,655,660-661,666,670,684-685,687,695,750-754,756,760-765,770-774,777,781-784,798,801-
804,810-812,814,817-823,825,848-856,858-861,870,880-886,888,890-896,901,911-913,950,982,994-997,2000-2011
Eth1/7        Feature VTP is not enabled
10-14,20-23,61-66,69-71,90,96-114,117-119,121-122,125,127,141-144,146-149,151,160-161,170,180,191,201-203,205,207-212,214-220,223-226,228,230-233,245,281,294-298,302-305,310-312,333,351-352,361-362,373,383,390,400-401
,403-414,418,420-423,430-433,440-442,450,452,460,470-474,481-485,500-504,507-511,513-517,521-523,550-554,556-557,560-571,600,603,651,655,660-661,666,670,684-685,687,695,750-754,756,760-765,770-774,777,781-784,798,801-
804,810-812,814,817-823,825,848-856,858-861,870,880-886,888,890-896,901,911-913,950,982,994-997,2000-2011
Eth1/8        Feature VTP is not enabled
62,69,110,305,430-431
Eth1/9        Feature VTP is not enabled
69,110,305,390,430-431,441-442
Eth1/10       Feature VTP is not enabled
21,61-63,65-66,69,98,100,104,106,110-112,118,122,141,180,191,209-211,214-215,230,304,390,400-401,403-405,410-413,422-423,431,471-473,485,560-571,684,752-754,756,770-774,777,782-783,817,849,853,911-912
Eth1/12       Feature VTP is not enabled
none
Eth1/13       Feature VTP is not enabled
69,217,423,563
Eth1/14       Feature VTP is not enabled
69,303,401,603
Eth1/15       Feature VTP is not enabled
none
Eth1/17       Feature VTP is not enabled
none
Eth1/21       Feature VTP is not enabled
none
Eth1/22       Feature VTP is not enabled
none
Eth1/24       Feature VTP is not enabled
none
Eth1/25       Feature VTP is not enabled
none
Eth1/26       Feature VTP is not enabled
none
Eth1/27       Feature VTP is not enabled
none
Eth1/28       Feature VTP is not enabled
none
Eth1/29       Feature VTP is not enabled
none
Eth1/30       Feature VTP is not enabled
none
Eth1/31       Feature VTP is not enabled
none
Eth1/32       Feature VTP is not enabled
none
Eth1/33       Feature VTP is not enabled
none
Eth1/34       Feature VTP is not enabled
1,9-14,20-23,61-66,69-71,90,96-114,117-119,121-122,125,127,141-144,146-149,151,160-161,170,180,191,201-203,205,207-212,214-220,223-226,228,230-233,245,281,294-298,302-305,310-312,333,351-352,361-362,373,383,390,400-40
1,403-414,418,420-423,430-433,440-442,450,452,460,470-474,481-485,500-504,507-511,513-517,521-523,550-554,556-557,560-571,600,603,651,655,660-661,666,670,684-685,687,695,750-754,756,760-765,770-774,777,781-784,798,801
-804,810-812,814,817-823,825,848-856,858-861,870,880-886,888,890-896,901,911-913,950,982,994-997,2000-2011,2026
Eth1/35       Feature VTP is not enabled
1,9-14,20-23,61-66,69-71,90,96-114,117-119,121-122,125,127,141-144,146-149,151,160-161,170,180,191,201-203,205,207-212,214-220,223-226,228,230-233,245,281,294-298,302-305,310-312,333,351-352,361-362,373,383,390,400-40
1,403-414,418,420-423,430-433,440-442,450,452,460,470-474,481-485,500-504,507-511,513-517,521-523,550-554,556-557,560-571,600,603,651,655,660-661,666,670,684-685,687,695,750-754,756,760-765,770-774,777,781-784,798,801
-804,810-812,814,817-823,825,848-856,858-861,870,880-886,888,890-896,901,911-913,950,982,994-997,2000-2011,2026
Eth1/36       Feature VTP is not enabled
none
Eth1/37       Feature VTP is not enabled
none
Eth1/38       Feature VTP is not enabled
none
Eth1/39       Feature VTP is not enabled
none
Eth1/40       Feature VTP is not enabled
none
Eth1/41       Feature VTP is not enabled
none
Eth1/42       Feature VTP is not enabled
none
Eth1/43       Feature VTP is not enabled
none
Eth1/44       Feature VTP is not enabled
none
Eth1/45       Feature VTP is not enabled
10-14,20-23,61-66,69-71,90,96-114,117-119,121-122,125,127,141-144,146-149,151,160-161,170,180,191,201-203,205,207-212,214-220,223-226,228,230-233,245,281,294-298,302-305,310-312,333,351-352,361-362,373,383,390,400-401
,403-414,418,420-423,430-433,440-442,450,452,460,470-474,481-485,500-504,507-511,513-517,521-523,550-554,556-557,560-571,600,603,651,655,660-661,666,670,684-685,687,695,750-754,756,760-765,770-774,777,781-784,798,801-
804,810-812,814,817-823,825,848-856,858-861,870,880-886,888,890-896,901,911-913,950,982,994-997
Eth1/46       Feature VTP is not enabled
10-14,20-23,61-66,69-71,90,96-114,117-119,121-122,125,127,141-144,146-149,151,160-161,170,180,191,201-203,205,207-212,214-220,223-226,228,230-233,245,281,294-298,302-305,310-312,333,351-352,361-362,373,383,390,400-401
,403-414,418,420-423,430-433,440-442,450,452,460,470-474,481-485,500-504,507-511,513-517,521-523,550-554,556-557,560-571,600,603,651,655,660-661,666,670,684-685,687,695,750-754,756,760-765,770-774,777,781-784,798,801-
804,810-812,814,817-823,825,848-856,858-861,870,880-886,888,890-896,901,911-913,950,982,994-997
Eth1/47       Feature VTP is not enabled
10-14,20-23,61-66,69-71,90,96-114,117-119,121-122,125,127,141-144,146-149,151,160-161,170,180,191,201-203,205,207-212,214-220,223-226,228,230-233,245,281,294-298,302-305,310-312,333,351-352,361-362,373,383,390,400-401
,403-414,418,420-423,430-433,440-442,450,452,460,470-474,481-485,500-504,507-511,513-517,521-523,550-554,556-557,560-571,600,603,651,655,660-661,666,670,684-685,687,695,750-754,756,760-765,770-774,777,781-784,798,801-
804,810-812,814,817-823,825,848-856,858-861,870,880-886,888,890-896,901,911-913,950,982,994-997
Eth1/48       Feature VTP is not enabled
none
Eth1/50       Feature VTP is not enabled
none
Eth1/53       Feature VTP is not enabled
none
Eth1/54       Feature VTP is not enabled
none
Po1           Feature VTP is not enabled
1,9-14,20-23,61-66,69-71,90,96-114,117-119,121-122,125,127,141-144,146-149,151,160-161,170,180,191,201-203,205,207-212,214-220,223-226,228,230-233,245,281,294-298,302-305,310-312,333,351-352,361-362,373,383,390,400-40
1,403-414,418,420-423,430-433,440-442,450,452,460,470-474,481-485,500-504,507-511,513-517,521-523,550-554,556-557,560-571,600,603,651,655,660-661,666,670,684-685,687,695,750-754,756,760-765,770-774,777,781-784,798,801
-804,810-812,814,817-823,825,848-856,858-861,870,880-886,888,890-896,901,911-913,950,982,994-997,2000-2011,2026
Po10          Feature VTP is not enabled
none
Po11          Feature VTP is not enabled
10-14,20-23,61-66,69-71,90,96-114,117-119,121-122,125,127,141-144,146-149,151,160-161,170,180,191,201-203,205,207-212,214-220,223-226,228,230-233,245,281,294-298,302-305,310-312,333,351-352,361-362,373,383,390,400-401
,403-414,418,420-423,430-433,440-442,450,452,460,470-474,481-485,500-504,507-511,513-517,521-523,550-554,556-557,560-571,600,603,651,655,660-661,666,670,684-685,687,695,750-754,756,760-765,770-774,777,781-784,798,801-
804,810-812,814,817-823,825,848-856,858-861,870,880-886,888,890-896,901,911-913,950,982,994-997
Po12          Feature VTP is not enabled
10-14,20-23,61-66,69-71,90,96-114,117-119,121-122,125,127,141-144,146-149,151,160-161,170,180,191,201-203,205,207-212,214-220,223-226,228,230-233,245,281,294-298,302-305,310-312,333,351-352,361-362,373,383,390,400-401
,403-414,418,420-423,430-433,440-442,450,452,460,470-474,481-485,500-504,507-511,513-517,521-523,550-554,556-557,560-571,600,603,651,655,660-661,666,670,684-685,687,695,750-754,756,760-765,770-774,777,781-784,798,801-
804,810-812,814,817-823,825,848-856,858-861,870,880-886,888,890-896,901,911-913,950,982,994-997
Po13          Feature VTP is not enabled
10-14,20-23,61-66,69-71,90,96-114,117-119,121-122,125,127,141-144,146-149,151,160-161,170,180,191,201-203,205,207-212,214-220,223-226,228,230-233,245,281,294-298,302-305,310-312,333,351-352,361-362,373,383,390,400-401
,403-414,418,420-423,430-433,440-442,450,452,460,470-474,481-485,500-504,507-511,513-517,521-523,550-554,556-557,560-571,600,603,651,655,660-661,666,670,684-685,687,695,750-754,756,760-765,770-774,777,781-784,798,801-
804,810-812,814,817-823,825,848-856,858-861,870,880-886,888,890-896,901,911-913,950,982,994-997
Po14          Feature VTP is not enabled
10-14,20-23,61-66,69-71,90,96-114,117-119,121-122,125,127,141-144,146-149,151,160-161,170,180,191,201-203,205,207-212,214-220,223-226,228,230-233,245,281,294-298,302-305,310-312,333,351-352,361-362,373,383,390,400-401
,403-414,418,420-423,430-433,440-442,450,452,460,470-474,481-485,500-504,507-511,513-517,521-523,550-554,556-557,560-571,600,603,651,655,660-661,666,670,684-685,687,695,750-754,756,760-765,770-774,777,781-784,798,801-
804,810-812,814,817-823,825,848-856,858-861,870,880-886,888,890-896,901,911-913,950,982,994-997
Po15          Feature VTP is not enabled
10-14,20-23,61-66,69-71,90,96-114,117-119,121-122,125,127,141-144,146-149,151,160-161,170,180,191,201-203,205,207-212,214-220,223-226,228,230-233,245,281,294-298,302-305,310-312,333,351-352,361-362,373,383,390,400-401
,403-414,418,420-423,430-433,440-442,450,452,460,470-474,481-485,500-504,507-511,513-517,521-523,550-554,556-557,560-571,600,603,651,655,660-661,666,670,684-685,687,695,750-754,756,760-765,770-774,777,781-784,798,801-
804,810-812,814,817-823,825,848-856,858-861,870,880-886,888,890-896,901,911-913,950,982,994-997
Po16          Feature VTP is not enabled
10-14,20-23,61-66,69-71,90,96-114,117-119,121-122,125,127,141-144,146-149,151,160-161,170,180,191,201-203,205,207-212,214-220,223-226,228,230-233,245,281,294-298,302-305,310-312,333,351-352,361-362,373,383,390,400-401
,403-414,418,420-423,430-433,440-442,450,452,460,470-474,481-485,500-504,507-511,513-517,521-523,550-554,556-557,560-571,600,603,651,655,660-661,666,670,684-685,687,695,750-754,756,760-765,770-774,777,781-784,798,801-
804,810-812,814,817-823,825,848-856,858-861,870,880-886,888,890-896,901,911-913,950,982,994-997
Po17          Feature VTP is not enabled
10-14,20-23,61-66,69-71,90,96-114,117-119,121-122,125,127,141-144,146-149,151,160-161,170,180,191,201-203,205,207-212,214-220,223-226,228,230-233,245,281,294-298,302-305,310-312,333,351-352,361-362,373,383,390,400-401
,403-414,418,420-423,430-433,440-442,450,452,460,470-474,481-485,500-504,507-511,513-517,521-523,550-554,556-557,560-571,600,603,651,655,660-661,666,670,684-685,687,695,750-754,756,760-765,770-774,777,781-784,798,801-
804,810-812,814,817-823,825,848-856,858-861,870,880-886,888,890-896,901,911-913,950,982,994-997
Po19          Feature VTP is not enabled
220,422,552,568,2000-2011
Po20          Feature VTP is not enabled
10-14,20-23,61-66,69-71,90,96-114,117-119,121-122,125,127,141-144,146-149,151,160-161,170,180,191,201-203,205,207-212,214-220,223-226,228,230-233,245,281,294-298,302-305,310-312,333,351-352,361-362,373,383,390,400-401
,403-414,418,420-423,430-433,440-442,450,452,460,470-474,481-485,500-504,507-511,513-517,521-523,550-554,556-557,560-571,600,603,651,655,660-661,666,670,684-685,687,695,750-754,756,760-765,770-774,777,781-784,798,801-
804,810-812,814,817-823,825,848-856,858-861,870,880-886,888,890-896,901,911-913,950,982,994-997
Po21          Feature VTP is not enabled
61,113
