BKATA>sh int trunk

Port          Mode         Encapsulation  Status        Native vlan
Gi2/5         on           802.1q         trunking      212
Gi2/7         on           802.1q         trunking      1
Gi2/12        on           802.1q         trunking      69
Gi2/13        on           802.1q         trunking      1
Gi2/16        on           802.1q         trunking      1
Gi2/17        on           802.1q         trunking      1
Gi2/20        on           802.1q         trunking      208
Gi2/21        on           802.1q         trunking      69
Gi2/23        on           802.1q         trunking      1
Gi6/7         on           802.1q         trunking      1
Gi6/8         on           802.1q         trunking      1
Gi6/11        on           802.1q         trunking      1
Gi6/12        on           802.1q         trunking      1
Gi6/13        on           802.1q         trunking      1
Gi6/14        on           802.1q         trunking      1
Gi6/15        on           802.1q         trunking      1
Gi6/16        on           802.1q         trunking      1
Gi7/1         on           802.1q         trunking      61
Gi8/1         on           802.1q         trunking      69
Gi10/3        on           802.1q         trunking      1
Gi10/4        on           802.1q         trunking      69
Gi10/13       on           802.1q         trunking      69
Gi10/32       on           802.1q         trunking      1
Gi10/45       on           802.1q         trunking      1
Gi10/46       on           802.1q         trunking      1
Gi11/17       on           802.1q         trunking      62
Gi11/40       on           802.1q         trunking      122
Gi11/41       on           802.1q         trunking      122
Gi11/44       on           802.1q         trunking      122
Gi11/45       on           802.1q         trunking      122
Gi11/46       on           802.1q         trunking      69
Te12/1        on           802.1q         trunking      1
Te12/2        on           802.1q         trunking      1
Te13/1        on           802.1q         trunking      10
Te13/2        on           802.1q         trunking      1
Po1           on           802.1q         trunking      1
Po10          on           802.1q         trunking      1
Po12          on           802.1q         trunking      1
Po14          on           802.1q         trunking      1
Po18          on           802.1q         trunking      1

Port          Vlans allowed on trunk
Gi2/5         69,110,114,201,212,219,224,303,390,404,418,431,853
Gi2/7         69,110,114,146,151-152,161,202,211,219,295,303,390,401,431,561,848
Gi2/12        61,69,100,118,121-122,160,180,214-215,303,390,401,430-431,553,560,753
Gi2/13        69,160,230-233,431,569
Gi2/16        69,215,390,431
Gi2/17        69,143,207,211,218,224,390,401,431,481-483,561,817,849,853
Gi2/20        69,100,208,281,390,431,481-482,561,753
Gi2/21        61,69,110,119,205,209,390,431,560,753
Gi2/23        1-4094
Gi6/7         61,63,66
Gi6/8         61,63,66
Gi6/11        61,63,66
Gi6/12        61,63,66
Gi6/13        61,63,66,912
Gi6/14        61,63,66
Gi6/15        61,63,66
Gi6/16        61,63,66
Gi7/1         61,69,107,114,117,148,401,431
Gi8/1         61-63,69,483
Gi10/3        69,110,226,390,431,856
Gi10/4        69,203,223,422
Gi10/13       61-62,69,100-699,753,850-899
Gi10/32       60-66,107,117,141-142
Gi10/45       60-66,107,117,141-142
Gi10/46       60-66,107,117,141-142
          
Port          Vlans allowed on trunk
Gi11/17       61-62,481,484,500,510-511,802
Gi11/40       122,201,431,753
Gi11/41       122,390
Gi11/44       100,110,122,160,201,390,440
Gi11/45       100,103,110,122,124,201,390,401,440,753
Gi11/46       61,69,99,110,122,124,390
Te12/1        13,61-63,65-66,100-108,110-117,120-159,161-302,304-422,424-430,432-440,442-469,471-474,480-649,655,660-749,761-799,802,804,810-820,852,910-920,994-997,2022,2222
Te12/2        2-10,12-19,21-649,655,660-799,802,804,810-821,823,825,849-856,861,890-896,901,910-920,950,982,994-997,1800,2000-2020,2022
Te13/1        2-10,12-649,660-799,802,804,810-821,823,825,849-856,861,880-896,901,910-920,950,982,994-997,2000-2020,2222
Te13/2        14,69,211,224,294,303,390,401,407,418,422,748,812,814,853,870,901,950,982,984,994-997,1800
Po1           61,100,110-111,118,122,191,203,210,214-215,401,404,413,471-473,481-482,503,517,753
Po10          60-68,70-302,304-389,391-430,432-752,754-800,802,910-920,2022
Po12          60-68,70-302,304-389,391-430,432-752,754-800,802,910-920,2022
Po14          60-68,70-302,304-389,391-430,432-752,754-800,802,910-920,2022
Po18          60-68,70-302,304-389,391-430,432-752,754-800,802,910-920,2022

Port          Vlans allowed and active in management domain
Gi2/5         69,110,114,201,212,219,224,303,390,404,418,431,853
Gi2/7         69,110,114,146,151-152,161,202,211,219,295,303,390,401,431,561,848
Gi2/12        61,69,100,118,121-122,160,214-215,303,390,401,430-431,553,560,753
Gi2/13        69,160,230-233,431,569
Gi2/16        69,215,390,431
Gi2/17        69,143,207,211,218,224,390,401,431,481-483,561,817,849,853
Gi2/20        69,100,208,281,390,431,481-482,561,753
Gi2/21        61,69,110,119,205,209,390,431,560,753
Gi2/23        1,8,10-11,13-14,20,23,61-66,68-71,90,97-107,109-119,121-122,124-125,127,131,141-144,146-147,151-152,160-161,170,191,201-203,205,207-212,214-226,228,230-233,245,253,281,294-298,301,303-305,310-312,351-352,361-362,390,400-414,418,420-423,430-433,440,442,450,452,460,471-474,481-484,500-504,506-511,513-517,521-523,550-557,560-571,600,603,655,660-661,666,670,680,682,684-685,687,695,748,750-751,753,760-765,781,784,798,802,804,810-812,814,817-818,821,823,848-849,852-854,856,861,870,880-886,888,890-896,901-902,911-913,950-969,980,982,984,994-997,1800,2000-2011,2022,2222
Gi6/7         61,63,66
Gi6/8         61,63,66
Gi6/11        61,63,66
Gi6/12        61,63,66
Gi6/13        61,63,66,912
Gi6/14        61,63,66
Gi6/15        61,63,66
Gi6/16        61,63,66
Gi7/1         61,69,107,114,117,401,431
Gi8/1         61-63,69,483
Gi10/3        69,110,226,390,431,856
Gi10/4        69,203,223,422
Gi10/13       61-62,69,100-107,109-119,121-122,124-125,127,131,141-144,146-147,151-152,160-161,170,191,201-203,205,207-212,214-226,228,230-233,245,253,281,294-298,301,303-305,310-312,351-352,361-362,390,400-414,418,420-423,430-433,440,442,450,452,460,471-474,481-484,500-504,506-511,513-517,521-523,550-557,560-571,600,603,655,660-661,666,670,680,682,684-685,687,695,753,852-854,856,861,870,880-886,888,890-896
Gi10/32       61-66,107,117,141-142
Gi10/45       61-66,107,117,141-142
Gi10/46       61-66,107,117,141-142
Gi11/17       61-62,481,484,500,510-511,802
Gi11/40       122,201,431,753
Gi11/41       122,390
Gi11/44       100,110,122,160,201,390,440
Gi11/45       100,103,110,122,124,201,390,401,440,753
Gi11/46       61,69,99,110,122,124,390
Te12/1        13,61-63,65-66,100-107,110-117,121-122,124-125,127,131,141-144,146-147,151-152,161,170,191,201-203,205,207-212,214-226,228,230-233,245,253,281,294-298,301,304-305,310-312,351-352,361-362,390,400-414,418,420-422,430,432-433,440,442,450,452,460,471-474,481-484,500-504,506-511,513-517,521-523,550-557,560-571,600,603,655,660-661,666,670,680,682,684-685,687,695,748,761-765,781,784,798,802,804,810-812,814,817-818,852,911-913,994-997,2022,2222
Te12/2        8,10,13-14,23,61-66,68-71,90,97-107,109-119,121-122,124-125,127,131,141-144,146-147,151-152,160-161,170,191,201-203,205,207-212,214-226,228,230-233,245,253,281,294-298,301,303-305,310-312,351-352,361-362,390,400-414,418,420-423,430-433,440,442,450,452,460,471-474,481-484,500-504,506-511,513-517,521-523,550-557,560-571,600,603,655,660-661,666,670,680,682,684-685,687,695,748,750-751,753,760-765,781,784,798,802,804,810-812,814,817-818,821,823,849,852-854,856,861,890-896,901,911-913,950,982,994-997,1800,2000-2011,2022
Te13/1        8,10,13-14,20,23,61-66,68-71,90,97-107,109-119,121-122,124-125,127,131,141-144,146-147,151-152,160-161,170,191,201-203,205,207-212,214-226,228,230-233,245,253,281,294-298,301,303-305,310-312,351-352,361-362,390,400-414,418,420-423,430-433,440,442,450,452,460,471-474,481-484,500-504,506-511,513-517,521-523,550-557,560-571,600,603,660-661,666,670,680,682,684-685,687,695,748,750-751,753,760-765,781,784,798,802,804,810-812,814,817-818,821,823,849,852-854,856,861,880-886,888,890-896,901,911-913,950,982,994-997,2000-2011,2222
Te13/2        14,69,211,224,294,303,390,401,407,418,422,748,812,814,853,870,901,950,982,984,994-997,1800
Po1           61,100,110-111,118,122,191,203,210,214-215,401,404,413,471-473,481-482,503,517,753
Po10          61-66,68,70-71,90,97-107,109-119,121-122,124-125,127,131,141-144,146-147,151-152,160-161,170,191,201-203,205,207-212,214-226,228,230-233,245,253,281,294-298,301,304-305,310-312,351-352,361-362,400-414,418,420-423,430,432-433,440,442,450,452,460,471-474,481-484,500-504,506-511,513-517,521-523,550-557,560-571,600,603,655,660-661,666,670,680,682,684-685,687,695,748,750-751,760-765,781,784,798,802,911-913,2022
Po12          61-66,68,70-71,90,97-107,109-119,121-122,124-125,127,131,141-144,146-147,151-152,160-161,170,191,201-203,205,207-212,214-226,228,230-233,245,253,281,294-298,301,304-305,310-312,351-352,361-362,400-414,418,420-423,430,432-433,440,442,450,452,460,471-474,481-484,500-504,506-511,513-517,521-523,550-557,560-571,600,603,655,660-661,666,670,680,682,684-685,687,695,748,750-751,760-765,781,784,798,802,911-913,2022
Po14          61-66,68,70-71,90,97-107,109-119,121-122,124-125,127,131,141-144,146-147,151-152,160-161,170,191,201-203,205,207-212,214-226,228,230-233,245,253,281,294-298,301,304-305,310-312,351-352,361-362,400-414,418,420-423,430,432-433,440,442,450,452,460,471-474,481-484,500-504,506-511,513-517,521-523,550-557,560-571,600,603,655,660-661,666,670,680,682,684-685,687,695,748,750-751,760-765,781,784,798,802,911-913,2022
Po18          61-66,68,70-71,90,97-107,109-119,121-122,124-125,127,131,141-144,146-147,151-152,160-161,170,191,201-203,205,207-212,214-226,228,230-233,245,253,281,294-298,301,304-305,310-312,351-352,361-362,400-414,418,420-423,430,432-433,440,442,450,452,460,471-474,481-484,500-504,506-511,513-517,521-523,550-557,560-571,600,603,655,660-661,666,670,680,682,684-685,687,695,748,750-751,760-765,781,784,798,802,911-913,2022
          
Port          Vlans in spanning tree forwarding state and not pruned
Gi2/5         69,110,114,201,212,219,224,303,390,404,418,431,853
Gi2/7         69,110,114,146,151-152,161,202,211,219,295,303,390,401,431,561,848
Gi2/12        61,69,100,118,121-122,160,214-215,303,390,401,430-431,553,560,753
Gi2/13        69,160,230-233,431,569
Gi2/16        69,215,390,431
Gi2/17        69,143,207,211,218,224,390,401,431,481-483,561,817,849,853
Gi2/20        69,100,208,281,390,431,481-482,561,753
Gi2/21        61,69,110,119,205,209,390,431,560,753
Gi2/23        1,8,10-11,13-14,20,23,61-66,68-71,90,97-107,109-119,121-122,124-125,127,131,141-144,146-147,151-152,160-161,170,191,201-203,205,207-212,214-226,228,230-233,245,253,281,294-298,301,303-305,310-312,351-352,361-362,390,400-414,418,420-423,430-433,440,442,450,452,460,471-474,481-484,500-504,506-511,513-517,521-523,550-557,560-571,600,603,655,660-661,666,670,680,682,684-685,687,695,748,750-751,753,760-765,781,784,798,802,804,810-812,814,817-818,821,823,848-849,852-854,856,861,870,880-886,888,890-896,901-902,911-913,950-969,980,982,984,994-997,1800,2000-2011,2022,2222
Gi6/7         61,63,66
Gi6/8         61,63,66
Gi6/11        61,63,66
Gi6/12        61,63,66
Gi6/13        61,63,66,912
Gi6/14        61,63,66
Gi6/15        61,63,66
Gi6/16        61,63,66
Gi7/1         61,69,107,114,117,401,431
Gi8/1         61-63,69,483
Gi10/3        69,110,226,390,431,856
Gi10/4        69,203,223,422
Gi10/13       61-62,69,100-107,109-119,121-122,124-125,127,131,141-144,146-147,151-152,160-161,170,191,201-203,205,207-212,214-226,228,230-233,245,253,281,294-298,301,303-305,310-312,351-352,361-362,390,400-414,418,420-423,430-433,440,442,450,452,460,471-474,481-484,500-504,506-511,513-517,521-523,550-557,560-571,600,603,655,660-661,666,670,680,682,684-685,687,695,753,852-854,856,861,870,880-886,888,890-896
Gi10/32       61-66,107,117,141-142
Gi10/45       61-66,107,117,141-142
Gi10/46       61-66,107,117,141-142
Gi11/17       61-62,481,484,500,510-511,802
Gi11/40       122,201,431,753
Gi11/41       122,390
Gi11/44       100,110,122,160,201,390,440
Gi11/45       100,103,110,122,124,201,390,401,440,753
Gi11/46       61,69,99,110,122,124,390
Te12/1        13,61-63,65-66,100-107,110-117,121-122,124-125,127,131,141-144,146-147,151-152,161,170,191,201-203,205,207-212,214-226,228,230-233,245,253,281,294-298,301,304-305,310-312,351-352,361-362,390,400-414,418,420-422,430,432-433,440,442,450,452,460,471-474,481-484,500-504,506-511,513-517,521-523,550-557,560-571,600,603,655,660-661,666,670,680,682,684-685,687,695,748,761-765,781,784,798,802,804,810-812,814,817-818,852,911-913,994-997,2022,2222
Te12/2        8,10,13-14,23,61-66,68-71,90,97-107,109-119,121-122,124-125,127,131,141-144,146-147,151-152,160-161,170,191,201-203,205,207-212,214-226,228,230-233,245,253,281,294-298,301,303-305,310-312,351-352,361-362,390,400-414,418,420-423,430-433,440,442,450,452,460,471-474,481-484,500-504,506-511,513-517,521-523,550-557,560-571,600,603,655,660-661,666,670,680,682,684-685,687,695,748,750-751,753,760-765,781,784,798,802,804,810-812,814,817-818,821,823,849,852-854,856,861,890-896,901,911-913,950,982,994-997,1800,2000-2011,2022
Te13/1        8,10,13-14,20,23,61-66,68-71,90,97-107,109-119,121-122,124-125,127,131,141-144,146-147,151-152,160-161,170,191,201-203,205,207-212,214-226,228,230-233,245,253,281,294-298,301,303-305,310-312,351-352,361-362,390,400-414,418,420-423,430-433,440,442,450,452,460,471-474,481-484,500-504,506-511,513-517,521-523,550-557,560-571,600,603,660-661,666,670,680,682,684-685,687,695,748,750-751,753,760-765,781,784,798,802,804,810-812,814,817-818,821,823,849,852-854,856,861,880-886,888,890-896,901,911-913,950,982,994-997,2000-2011,2222
Te13/2        14,69,211,224,294,303,390,401,407,418,422,748,812,814,853,870,901,950,982,984,994-997,1800
Po1           61,100,110-111,118,122,191,203,210,214-215,401,404,413,471-473,481-482,503,517,753
Po10          61-66,68,70-71,90,97-107,109-119,121-122,124-125,127,131,141-144,146-147,151-152,160-161,170,191,201-203,205,207-212,214-226,228,230-233,245,253,281,294-298,301,304-305,310-312,351-352,361-362,400-414,418,420-423,430,432-433,440,442,450,452,460,471-474,481-484,500-504,506-511,513-517,521-523,550-557,560-571,600,603,655,660-661,666,670,680,682,684-685,687,695,748,750-751,760-765,781,784,798,802,911-913,2022
Po12          61-66,68,70-71,90,97-107,109-119,121-122,124-125,127,131,141-144,146-147,151-152,160-161,170,191,201-203,205,207-212,214-226,228,230-233,245,253,281,294-298,301,304-305,310-312,351-352,361-362,400-414,418,420-423,430,432-433,440,442,450,452,460,471-474,481-484,500-504,506-511,513-517,521-523,550-557,560-571,600,603,655,660-661,666,670,680,682,684-685,687,695,748,750-751,760-765,781,784,798,802,911-913,2022
Po14          61-66,68,70-71,90,97-107,109-119,121-122,124-125,127,131,141-144,146-147,151-152,160-161,170,191,201-203,205,207-212,214-226,228,230-233,245,253,281,294-298,301,304-305,310-312,351-352,361-362,400-414,418,420-423,430,432-433,440,442,450,452,460,471-474,481-484,500-504,506-511,513-517,521-523,550-557,560-571,600,603,655,660-661,666,670,680,682,684-685,687,695,748,750-751,760-765,781,784,798,802,911-913,2022
Po18          61-66,68,70-71,90,97-107,109-119,121-122,124-125,127,131,141-144,146-147,151-152,160-161,170,191,201-203,205,207-212,214-226,228,230-233,245,253,281,294-298,301,304-305,310-312,351-352,361-362,400-414,418,420-423,430,432-433,440,442,450,452,460,471-474,481-484,500-504,506-511,513-517,521-523,550-557,560-571,600,603,655,660-661,666,670,680,682,684-685,687,695,748,750-751,760-765,781,784,798,802,911-913,2022
