KKT-Q2# sh int trunk

--------------------------------------------------------------------------------
Port          Native  Status        Port
              Vlan                  Channel
--------------------------------------------------------------------------------
Eth1/1        1       trunking      --
Eth1/31       1       trnk-bndl     Po1
Eth1/32       1       trnk-bndl     Po1
Po1           1       trunking      --

--------------------------------------------------------------------------------
Port          Vlans Allowed on Trunk
--------------------------------------------------------------------------------
Eth1/1        10-1000
Eth1/31       1-4094
Eth1/32       1-4094
Po1           1-4094

--------------------------------------------------------------------------------
Port          Vlans Err-disabled on Trunk
--------------------------------------------------------------------------------
Eth1/1        none
Eth1/31       none
Eth1/32       none
Po1           none

--------------------------------------------------------------------------------
Port          STP Forwarding
--------------------------------------------------------------------------------
Eth1/1        10-13,21-23,61-64,66,69-71,90,96-114,117-119,121-122,125,127,141-149,151,160-161,170,180,191,201-203,205,207-212,214-220,226,228,230,281,302-305,310-312,351-352,361-362,373,383,390,400-401,403-407,409-41
4,418,420-423,430-433,440-442,450,452,460,470-474,481-485,500-504,507-511,513-517,521-523,550-554,556,560-571,600,603,655,660-661,666,670,684-685,687,695,750-754,756,760-765,770-774,777,781-784,798,801-804,810-812,814
,817-820,848-856,858-860,890-896,901,911-912,950,982,994-997
Eth1/31       none
Eth1/32       none
Po1           1,9-13,21-23,61-64,66,69-71,90,96-114,117-119,121-122,125,127,141-149,151,160-161,170,180,191,201-203,205,207-212,214-220,226,228,230,281,302-305,310-312,351-352,361-362,373,383,390,400-401,403-407,409-4
14,418,420-423,430-433,440-442,450,452,460,470-474,481-485,500-504,507-511,513-517,521-523,550-554,556,560-571,600,603,655,660-661,666,670,684-685,687,695,750-754,756,760-765,770-774,777,781-784,798,801-804,810-812,81
4,817-820,848-856,858-860,890-896,901,911-912,950,982,994-997

--------------------------------------------------------------------------------
Port          Vlans in spanning tree forwarding state and not pruned
--------------------------------------------------------------------------------
Eth1/1        Feature VTP is not enabled
10-13,21-23,61-64,66,69-71,90,96-114,117-119,121-122,125,127,141-149,151,160-161,170,180,191,201-203,205,207-212,214-220,226,228,230,281,302-305,310-312,351-352,361-362,373,383,390,400-401,403-407,409-414,418,420-423,
430-433,440-442,450,452,460,470-474,481-485,500-504,507-511,513-517,521-523,550-554,556,560-571,600,603,655,660-661,666,670,684-685,687,695,750-754,756,760-765,770-774,777,781-784,798,801-804,810-812,814,817-820,848-8
56,858-860,890-896,901,911-912,950,982,994-997
Eth1/31       Feature VTP is not enabled
none
Eth1/32       Feature VTP is not enabled
none
Po1           Feature VTP is not enabled
1,9-13,21-23,61-64,66,69-71,90,96-114,117-119,121-122,125,127,141-149,151,160-161,170,180,191,201-203,205,207-212,214-220,226,228,230,281,302-305,310-312,351-352,361-362,373,383,390,400-401,403-407,409-414,418,420-423
,430-433,440-442,450,452,460,470-474,481-485,500-504,507-511,513-517,521-523,550-554,556,560-571,600,603,655,660-661,666,670,684-685,687,695,750-754,756,760-765,770-774,777,781-784,798,801-804,810-812,814,817-820,848-
856,858-860,890-896,901,911-912,950,982,994-997
