KKT-S1# sh int trunk

--------------------------------------------------------------------------------
Port          Native  Status        Port
              Vlan                  Channel
--------------------------------------------------------------------------------
Eth1/3        1       trunking      --
Eth1/6        12      trunking      --
Eth1/7        1       trunking      --
Eth1/8        10      trunking      --
Eth1/9        1       trunking      --
Eth1/10       1       trunking      --
Eth1/14       1       trunking      --
Eth1/15       1       trnk-bndl     Po21
Eth1/17       1       trnk-bndl     Po17
Eth1/19       999     trnk-bndl     Po19
Eth1/20       999     trnk-bndl     Po19
Eth1/21       1       trnk-bndl     Po20
Eth1/22       1       trnk-bndl     Po20
Eth1/23       1       trunking      --
Eth1/24       1       trunking      --
Eth1/25       1       trunking      --
Eth1/26       1       trunking      --
Eth1/27       1       trnk-bndl     Po11
Eth1/28       1       trnk-bndl     Po12
Eth1/29       1       trnk-bndl     Po13
Eth1/30       1       trnk-bndl     Po14
Eth1/31       1       trnk-bndl     Po15
Eth1/32       1       trnk-bndl     Po16
Eth1/33       999     trnk-bndl     Po100
Eth1/34       1       trunking      --
Eth1/35       1       trunking      --
Eth1/36       69      trunking      --
Eth1/37       1       trunking      --
Eth1/38       1       trunking      --
Eth1/39       1       trunking      --
Eth1/40       1       trunking      --
Eth1/41       1       trunking      --
Eth1/42       1       trunking      --
Eth1/43       1       trunking      --
Eth1/44       22      trunking      --
Eth1/45       62      trunking      --
Eth1/46       62      trunking      --
Eth1/47       1       trnk-bndl     Po10
Eth1/48       1       trnk-bndl     Po10
Eth1/49       1       trunking      --
Eth1/50       1       trunking      --
Eth1/53       1       trnk-bndl     Po1
Eth1/54       1       trnk-bndl     Po1
Po1           1       trunking      --
Po10          1       trunking      --
Po11          1       trunking      --
Po12          1       trunking      --
Po13          1       trunking      --
Po14          1       trunking      --
Po15          1       trunking      --
Po16          1       trunking      --
Po17          1       trunking      --
Po19          999     trunking      --
Po20          1       trunking      --
Po21          1       trunking      --
Po100         999     trunking      --
Po101         999     trunking      --

--------------------------------------------------------------------------------
Port          Vlans Allowed on Trunk
--------------------------------------------------------------------------------
Eth1/3        100,110,122,125,160,191,217,219-220,224,401,403,423,430-431,471-473,552,566,603,661,687,695,760,849,853
Eth1/6        10-1000
Eth1/7        10-1000
Eth1/8        10-1000,2000-2020,2222
Eth1/9        10-449,451-1000
Eth1/10       10-1000
Eth1/14       10-1000,2000-2020,2026
Eth1/15       61,113
Eth1/17       10-1000
Eth1/19       110,220,422,552,568,999,2000-2020
Eth1/20       110,220,422,552,568,999,2000-2020
Eth1/21       10-1000
Eth1/22       10-1000
Eth1/23       69,96-97,110,431,440,849
Eth1/24       10-1000
Eth1/25       10-1000
Eth1/26       10-1000
Eth1/27       10-1000
Eth1/28       10-1000
Eth1/29       10-1000
Eth1/30       10-1000
Eth1/31       10-1000
Eth1/32       10-1000
Eth1/33       110,333,421-422,568
Eth1/34       62,69,110,114,143,160,208,211-212,219,390,404,408,414,431,553,564,849
Eth1/35       69,113,160,202,207,298,390,401,407,409,412,418-419,431,460,563,753,850-852,854,858,861,2026
Eth1/36       62,69,110,212,305,390,403-404,410,413,418,430-431,433,440,553,753,849,851-852
Eth1/37       69,110,207,211,390,404,412,418,420,431,553,563,753,849,999
Eth1/38       69,110,211,224,383,390,401,430-431,481-483,553,753
Eth1/39       1-4094
Eth1/40       64,69,110,113,191,219,351,361,373,390,401,403-404,431,563,751,753
Eth1/41       69,110,390,410,431,753,849
Eth1/42       69,110,303,390,401,404-405,412,418,431,564,603,753,811,849
Eth1/43       69,110,114,296,352,362,390,409,418,430-431,563-564,848-849,854-855
Eth1/44       22-23,69,110,202,207,211-212,219-220,224-225,294-298,303-304,352,362,390,407,409-410,413,418,431,460,471,485,563-564,804,810-820,849-856,858-861,911,2000-2020
Eth1/45       10-1000
Eth1/46       10-1000
Eth1/47       100-1000
Eth1/48       100-1000
Eth1/49       12,20,61-69,97-99,110-112,191,303,390,402-409,421-431,443-590,610-749,822,825,852-899
Eth1/50       10-1000,1111,2222
Eth1/53       1-4094
Eth1/54       1-4094
Po1           1-4094
Po10          100-1000
Po11          10-1000
Po12          10-1000
Po13          10-1000
Po14          10-1000
Po15          10-1000
Po16          10-1000
Po17          10-1000
Po19          110,220,422,552,568,999,2000-2020
Po20          10-1000
Po21          61,113
Po100         110,333,421-422,568
Po101         333,421,568

--------------------------------------------------------------------------------
Port          Vlans Err-disabled on Trunk
--------------------------------------------------------------------------------
Eth1/3        none
Eth1/6        none
Eth1/7        none
Eth1/8        none
Eth1/9        none
Eth1/10       none
Eth1/14       none
Eth1/15       none
Eth1/17       999
Eth1/19       110,999
Eth1/20       110,999
Eth1/21       999
Eth1/22       999
Eth1/23       none
Eth1/24       none
Eth1/25       none
Eth1/26       none
Eth1/27       999
Eth1/28       999
Eth1/29       999
Eth1/30       999
Eth1/31       999
Eth1/32       999
Eth1/33       none
Eth1/34       none
Eth1/35       none
Eth1/36       none
Eth1/37       none
Eth1/38       none
Eth1/39       none
Eth1/40       none
Eth1/41       none
Eth1/42       none
Eth1/43       none
Eth1/44       none
Eth1/45       none
Eth1/46       none
Eth1/47       none
Eth1/48       none
Eth1/49       none
Eth1/50       none
Eth1/53       8,999,1111,2222
Eth1/54       8,999,1111,2222
Po1           8,999,1111,2222
Po10          none
Po11          999
Po12          999
Po13          999
Po14          999
Po15          999
Po16          999
Po17          999
Po19          110,999
Po20          999
Po21          none
Po100         none
Po101         none

--------------------------------------------------------------------------------
Port          STP Forwarding
--------------------------------------------------------------------------------
Eth1/3        100,110,122,125,160,191,217,219-220,224,401,403,423,430-431,471-473,552,566,603,661,687,695,760,849,853
Eth1/6        10-11,13-14,21-23,61-65,69-71,90,96-114,117-119,121-122,125,127,141-144,146-149,151,160-161,170,180,191,201-203,205,207-212,214-220,223-226,228,230-233,245,281,294-298,302-305,310-312,333,351-352,361-362
,373,383,390,400-401,403-414,418,420-423,430-433,440-442,450,452,460,470-474,481-485,515,521-522,550-554,556-557,600,603,651,666,750-754,756,760-765,770-774,777,781-784,798,801-804,810-812,814,817-823,848-856,858-861,
870,880-886,888,890-896,901,911-913,950,982,994-997,999
Eth1/7        10-14,20-23,61-66,69-71,90,96-114,117-119,121-122,125,127,141-144,146-149,151,160-161,170,180,191,201-203,205,207-212,214-220,223-226,228,230-233,245,281,294-298,302-305,310-312,333,351-352,361-362,373,3
83,390,400-401,403-414,418,420-423,430-433,440-442,450,452,460,470-474,481-485,500-504,507-511,513-517,521-523,550-554,556-557,560-571,600,603,651,655,660-661,666,670,684-685,687,695,750-754,756,760-765,770-774,777,78
1-784,798,801-804,810-812,814,817-823,825,848-856,858-861,870,880-886,888,890-896,901,911-913,950,982,994-997,999
Eth1/8        10-14,20-23,61-66,69-71,90,96-114,117-119,121-122,125,127,141-144,146-149,151,160-161,170,180,191,201-203,205,207-212,214-220,223-226,228,230-233,245,281,294-298,302-305,310-312,333,351-352,361-362,373,3
83,390,400-401,403-414,418,420-423,430-433,440-442,450,452,460,470-474,481-485,500-504,507-511,513-517,521-523,550-554,556-557,560-571,600,603,651,655,660-661,666,670,684-685,687,695,750-754,756,760-765,770-774,777,78
1-784,798,801-804,810-812,814,817-823,825,848-856,858-861,870,880-886,888,890-896,901,911-913,950,982,994-997,999,2000-2011,2222
Eth1/9        10-14,20-23,61-66,69-71,90,96-114,117-119,121-122,125,127,141-144,146-149,151,160-161,170,180,191,201-203,205,207-212,214-220,223-226,228,230-233,245,281,294-298,302-305,310-312,333,351-352,361-362,373,3
83,390,400-401,403-414,418,420-423,430-433,440-442,452,460,470-474,481-485,500-504,507-511,513-517,521-523,550-554,556-557,560-571,600,603,651,655,660-661,666,670,684-685,687,695,750-754,756,760-765,770-774,777,781-78
4,798,801-804,810-812,814,817-823,825,848-856,858-861,870,880-886,888,890-896,901,911-913,950,982,994-997,999
Eth1/10       10-14,20-23,61-66,69-71,90,96-114,117-119,121-122,125,127,141-144,146-149,151,160-161,170,180,191,201-203,205,207-212,214-220,223-226,228,230-233,245,281,294-298,302-305,310-312,333,351-352,361-362,373,3
83,390,400-401,403-414,418,420-423,430-433,440-442,450,452,460,470-474,481-485,500-504,507-511,513-517,521-523,550-554,556-557,560-571,600,603,651,655,660-661,666,670,684-685,687,695,750-754,756,760-765,770-774,777,78
1-784,798,801-804,810-812,814,817-823,825,848-856,858-861,870,880-886,888,890-896,901,911-913,950,982,994-997,999
Eth1/14       10-14,20-23,61-66,69-71,90,96-114,117-119,121-122,125,127,141-144,146-149,151,160-161,170,180,191,201-203,205,207-212,214-220,223-226,228,230-233,245,281,294-298,302-305,310-312,333,351-352,361-362,373,3
83,390,400-401,403-414,418,420-423,430-433,440-442,450,452,460,470-474,481-485,500-504,507-511,513-517,521-523,550-554,556-557,560-571,600,603,651,655,660-661,666,670,684-685,687,695,750-754,756,760-765,770-774,777,78
1-784,798,801-804,810-812,814,817-823,825,848-856,858-861,870,880-886,888,890-896,901,911-913,950,982,994-997,999,2000-2011,2026
Eth1/15       none
Eth1/17       none
Eth1/19       none
Eth1/20       none
Eth1/21       none
Eth1/22       none
Eth1/23       69,96-97,110,431,440,849
Eth1/24       none
Eth1/25       none
Eth1/26       none
Eth1/27       none
Eth1/28       none
Eth1/29       none
Eth1/30       none
Eth1/31       none
Eth1/32       none
Eth1/33       none
Eth1/34       62,69,110,114,143,160,208,211-212,219,390,404,408,414,431,553,564,849
Eth1/35       none
Eth1/36       62,69,110,212,305,390,403-404,410,413,418,430-431,433,440,553,753,849,851-852
Eth1/37       69,110,207,211,390,404,412,418,420,431,553,563,753,849,999
Eth1/38       69,110,211,224,383,390,401,430-431,481-483,553,753
Eth1/39       1,8-14,20-23,61-66,69-71,90,96-114,117-119,121-122,125,127,141-144,146-149,151,160-161,170,180,191,201-203,205,207-212,214-220,223-226,228,230-233,245,281,294-298,302-305,310-312,333,351-352,361-362,373,
383,390,400-401,403-414,418,420-423,430-433,440-442,450,452,460,470-474,481-485,500-504,507-511,513-517,521-523,550-554,556-557,560-571,600,603,651,655,660-661,666,670,684-685,687,695,750-754,756,760-765,770-774,777,7
81-784,798,801-804,810-812,814,817-823,825,848-856,858-861,870,880-886,888,890-896,901,911-913,950,982,994-997,999,1111,2000-2011,2026,2222
Eth1/40       64,69,110,113,191,219,351,361,373,390,401,403-404,431,563,751,753
Eth1/41       69,110,390,410,431,753,849
Eth1/42       69,110,303,390,401,404-405,412,418,431,564,603,753,811,849
Eth1/43       69,110,114,296,352,362,390,409,418,430-431,563-564,848-849,854-855
Eth1/44       22-23,69,110,202,207,211-212,219-220,224-225,294-298,303-304,352,362,390,407,409-410,413,418,431,460,471,485,563-564,804,810-812,814,817-820,849-856,858-861,911,2000-2011
Eth1/45       10-14,20-23,61-66,69-71,90,96-114,117-119,121-122,125,127,141-144,146-149,151,160-161,170,180,191,201-203,205,207-212,214-220,223-226,228,230-233,245,281,294-298,302-305,310-312,333,351-352,361-362,373,3
83,390,400-401,403-414,418,420-423,430-433,440-442,450,452,460,470-474,481-485,500-504,507-511,513-517,521-523,550-554,556-557,560-571,600,603,651,655,660-661,666,670,684-685,687,695,750-754,756,760-765,770-774,777,78
1-784,798,801-804,810-812,814,817-823,825,848-856,858-861,870,880-886,888,890-896,901,911-913,950,982,994-997,999
Eth1/46       10-14,20-23,61-66,69-71,90,96-114,117-119,121-122,125,127,141-144,146-149,151,160-161,170,180,191,201-203,205,207-212,214-220,223-226,228,230-233,245,281,294-298,302-305,310-312,333,351-352,361-362,373,3
83,390,400-401,403-414,418,420-423,430-433,440-442,450,452,460,470-474,481-485,500-504,507-511,513-517,521-523,550-554,556-557,560-571,600,603,651,655,660-661,666,670,684-685,687,695,750-754,756,760-765,770-774,777,78
1-784,798,801-804,810-812,814,817-823,825,848-856,858-861,870,880-886,888,890-896,901,911-913,950,982,994-997,999
Eth1/47       none
Eth1/48       none
Eth1/49       12,20,61-66,69,97-99,110-112,191,303,390,403-409,421-423,430-431,450,452,460,470-474,481-485,500-504,507-511,513-517,521-523,550-554,556-557,560-571,651,655,660-661,666,670,684-685,687,695,822,825,852-85
6,858-861,870,880-886,888,890-896
Eth1/50       10-14,20-23,61-66,69-71,90,96-114,117-119,121-122,125,127,141-144,146-149,151,160-161,170,180,191,201-203,205,207-212,214-220,223-226,228,230-233,245,281,294-298,302-305,310-312,333,351-352,361-362,373,3
83,390,400-401,403-414,418,420-423,430-433,440-442,450,452,460,470-474,481-485,500-504,507-511,513-517,521-523,550-554,556-557,560-571,600,603,651,655,660-661,666,670,684-685,687,695,750-754,756,760-765,770-774,777,78
1-784,798,801-804,810-812,814,817-823,825,848-856,858-861,870,880-886,888,890-896,901,911-913,950,982,994-997,999,1111,2222
Eth1/53       none
Eth1/54       none
Po1           1,9-14,20-23,61-66,69-71,90,96-114,117-119,121-122,125,127,141-144,146-149,151,160-161,170,180,191,201-203,205,207-212,214-220,223-226,228,230-233,245,281,294-298,302-305,310-312,333,351-352,361-362,373,
383,390,400-401,403-414,418,420-423,430-433,440-442,450,452,460,470-474,481-485,500-504,507-511,513-517,521-523,550-554,556-557,560-571,600,603,651,655,660-661,666,670,684-685,687,695,750-754,756,760-765,770-774,777,7
81-784,798,801-804,810-812,814,817-823,825,848-856,858-861,870,880-886,888,890-896,901,911-913,950,982,994-997,2000-2011,2026
Po10          100-114,117-119,121-122,125,127,141-144,146-149,151,160-161,170,180,191,201-203,205,207-212,214-220,223-226,228,230-233,245,281,294-298,302-305,310-312,333,351-352,361-362,373,383,390,400-401,403-414,418
,420-423,430-433,440-442,450,452,460,470-474,481-485,500-504,507-511,513-517,521-523,550-554,556-557,560-571,600,603,651,655,660-661,666,670,684-685,687,695,750-754,756,760-765,770-774,777,781-784,798,801-804,810-812,
814,817-823,825,848-856,858-861,870,880-886,888,890-896,901,911-913,950,982,994-997,999
Po11          10-14,20-23,61-66,69-71,90,96-114,117-119,121-122,125,127,141-144,146-149,151,160-161,170,180,191,201-203,205,207-212,214-220,223-226,228,230-233,245,281,294-298,302-305,310-312,333,351-352,361-362,373,3
83,390,400-401,403-414,418,420-423,430-433,440-442,450,452,460,470-474,481-485,500-504,507-511,513-517,521-523,550-554,556-557,560-571,600,603,651,655,660-661,666,670,684-685,687,695,750-754,756,760-765,770-774,777,78
1-784,798,801-804,810-812,814,817-823,825,848-856,858-861,870,880-886,888,890-896,901,911-913,950,982,994-997
Po12          10-14,20-23,61-66,69-71,90,96-114,117-119,121-122,125,127,141-144,146-149,151,160-161,170,180,191,201-203,205,207-212,214-220,223-226,228,230-233,245,281,294-298,302-305,310-312,333,351-352,361-362,373,3
83,390,400-401,403-414,418,420-423,430-433,440-442,450,452,460,470-474,481-485,500-504,507-511,513-517,521-523,550-554,556-557,560-571,600,603,651,655,660-661,666,670,684-685,687,695,750-754,756,760-765,770-774,777,78
1-784,798,801-804,810-812,814,817-823,825,848-856,858-861,870,880-886,888,890-896,901,911-913,950,982,994-997
Po13          10-14,20-23,61-66,69-71,90,96-114,117-119,121-122,125,127,141-144,146-149,151,160-161,170,180,191,201-203,205,207-212,214-220,223-226,228,230-233,245,281,294-298,302-305,310-312,333,351-352,361-362,373,3
83,390,400-401,403-414,418,420-423,430-433,440-442,450,452,460,470-474,481-485,500-504,507-511,513-517,521-523,550-554,556-557,560-571,600,603,651,655,660-661,666,670,684-685,687,695,750-754,756,760-765,770-774,777,78
1-784,798,801-804,810-812,814,817-823,825,848-856,858-861,870,880-886,888,890-896,901,911-913,950,982,994-997
Po14          10-14,20-23,61-66,69-71,90,96-114,117-119,121-122,125,127,141-144,146-149,151,160-161,170,180,191,201-203,205,207-212,214-220,223-226,228,230-233,245,281,294-298,302-305,310-312,333,351-352,361-362,373,3
83,390,400-401,403-414,418,420-423,430-433,440-442,450,452,460,470-474,481-485,500-504,507-511,513-517,521-523,550-554,556-557,560-571,600,603,651,655,660-661,666,670,684-685,687,695,750-754,756,760-765,770-774,777,78
1-784,798,801-804,810-812,814,817-823,825,848-856,858-861,870,880-886,888,890-896,901,911-913,950,982,994-997
Po15          10-14,20-23,61-66,69-71,90,96-114,117-119,121-122,125,127,141-144,146-149,151,160-161,170,180,191,201-203,205,207-212,214-220,223-226,228,230-233,245,281,294-298,302-305,310-312,333,351-352,361-362,373,3
83,390,400-401,403-414,418,420-423,430-433,440-442,450,452,460,470-474,481-485,500-504,507-511,513-517,521-523,550-554,556-557,560-571,600,603,651,655,660-661,666,670,684-685,687,695,750-754,756,760-765,770-774,777,78
1-784,798,801-804,810-812,814,817-823,825,848-856,858-861,870,880-886,888,890-896,901,911-913,950,982,994-997
Po16          10-14,20-23,61-66,69-71,90,96-114,117-119,121-122,125,127,141-144,146-149,151,160-161,170,180,191,201-203,205,207-212,214-220,223-226,228,230-233,245,281,294-298,302-305,310-312,333,351-352,361-362,373,3
83,390,400-401,403-414,418,420-423,430-433,440-442,450,452,460,470-474,481-485,500-504,507-511,513-517,521-523,550-554,556-557,560-571,600,603,651,655,660-661,666,670,684-685,687,695,750-754,756,760-765,770-774,777,78
1-784,798,801-804,810-812,814,817-823,825,848-856,858-861,870,880-886,888,890-896,901,911-913,950,982,994-997
Po17          10-14,20-23,61-66,69-71,90,96-114,117-119,121-122,125,127,141-144,146-149,151,160-161,170,180,191,201-203,205,207-212,214-220,223-226,228,230-233,245,281,294-298,302-305,310-312,333,351-352,361-362,373,3
83,390,400-401,403-414,418,420-423,430-433,440-442,450,452,460,470-474,481-485,500-504,507-511,513-517,521-523,550-554,556-557,560-571,600,603,651,655,660-661,666,670,684-685,687,695,750-754,756,760-765,770-774,777,78
1-784,798,801-804,810-812,814,817-823,825,848-856,858-861,870,880-886,888,890-896,901,911-913,950,982,994-997
Po19          220,422,552,568,2000-2011
Po20          10-14,20-23,61-66,69-71,90,96-114,117-119,121-122,125,127,141-144,146-149,151,160-161,170,180,191,201-203,205,207-212,214-220,223-226,228,230-233,245,281,294-298,302-305,310-312,333,351-352,361-362,373,3
83,390,400-401,403-414,418,420-423,430-433,440-442,450,452,460,470-474,481-485,500-504,507-511,513-517,521-523,550-554,556-557,560-571,600,603,651,655,660-661,666,670,684-685,687,695,750-754,756,760-765,770-774,777,78
1-784,798,801-804,810-812,814,817-823,825,848-856,858-861,870,880-886,888,890-896,901,911-913,950,982,994-997
Po21          61,113
Po100         none
Po101         none

--------------------------------------------------------------------------------
Port          Vlans in spanning tree forwarding state and not pruned
--------------------------------------------------------------------------------
Eth1/3        Feature VTP is not enabled
100,110,122,125,160,191,217,219-220,224,401,403,423,430-431,471-473,552,566,603,661,687,695,760,849,853
Eth1/6        Feature VTP is not enabled
10-11,13-14,21-23,61-65,69-71,90,96-114,117-119,121-122,125,127,141-144,146-149,151,160-161,170,180,191,201-203,205,207-212,214-220,223-226,228,230-233,245,281,294-298,302-305,310-312,333,351-352,361-362,373,383,390,4
00-401,403-414,418,420-423,430-433,440-442,450,452,460,470-474,481-485,515,521-522,550-554,556-557,600,603,651,666,750-754,756,760-765,770-774,777,781-784,798,801-804,810-812,814,817-823,848-856,858-861,870,880-886,88
8,890-896,901,911-913,950,982,994-997,999
Eth1/7        Feature VTP is not enabled
10-14,20-23,61-66,69-71,90,96-114,117-119,121-122,125,127,141-144,146-149,151,160-161,170,180,191,201-203,205,207-212,214-220,223-226,228,230-233,245,281,294-298,302-305,310-312,333,351-352,361-362,373,383,390,400-401
,403-414,418,420-423,430-433,440-442,450,452,460,470-474,481-485,500-504,507-511,513-517,521-523,550-554,556-557,560-571,600,603,651,655,660-661,666,670,684-685,687,695,750-754,756,760-765,770-774,777,781-784,798,801-
804,810-812,814,817-823,825,848-856,858-861,870,880-886,888,890-896,901,911-913,950,982,994-997,999
Eth1/8        Feature VTP is not enabled
10-14,20-23,61-66,69-71,90,96-114,117-119,121-122,125,127,141-144,146-149,151,160-161,170,180,191,201-203,205,207-212,214-220,223-226,228,230-233,245,281,294-298,302-305,310-312,333,351-352,361-362,373,383,390,400-401
,403-414,418,420-423,430-433,440-442,450,452,460,470-474,481-485,500-504,507-511,513-517,521-523,550-554,556-557,560-571,600,603,651,655,660-661,666,670,684-685,687,695,750-754,756,760-765,770-774,777,781-784,798,801-
804,810-812,814,817-823,825,848-856,858-861,870,880-886,888,890-896,901,911-913,950,982,994-997,999,2000-2011,2222
Eth1/9        Feature VTP is not enabled
10-14,20-23,61-66,69-71,90,96-114,117-119,121-122,125,127,141-144,146-149,151,160-161,170,180,191,201-203,205,207-212,214-220,223-226,228,230-233,245,281,294-298,302-305,310-312,333,351-352,361-362,373,383,390,400-401
,403-414,418,420-423,430-433,440-442,452,460,470-474,481-485,500-504,507-511,513-517,521-523,550-554,556-557,560-571,600,603,651,655,660-661,666,670,684-685,687,695,750-754,756,760-765,770-774,777,781-784,798,801-804,
810-812,814,817-823,825,848-856,858-861,870,880-886,888,890-896,901,911-913,950,982,994-997,999
Eth1/10       Feature VTP is not enabled
10-14,20-23,61-66,69-71,90,96-114,117-119,121-122,125,127,141-144,146-149,151,160-161,170,180,191,201-203,205,207-212,214-220,223-226,228,230-233,245,281,294-298,302-305,310-312,333,351-352,361-362,373,383,390,400-401
,403-414,418,420-423,430-433,440-442,450,452,460,470-474,481-485,500-504,507-511,513-517,521-523,550-554,556-557,560-571,600,603,651,655,660-661,666,670,684-685,687,695,750-754,756,760-765,770-774,777,781-784,798,801-
804,810-812,814,817-823,825,848-856,858-861,870,880-886,888,890-896,901,911-913,950,982,994-997,999
Eth1/14       Feature VTP is not enabled
10-14,20-23,61-66,69-71,90,96-114,117-119,121-122,125,127,141-144,146-149,151,160-161,170,180,191,201-203,205,207-212,214-220,223-226,228,230-233,245,281,294-298,302-305,310-312,333,351-352,361-362,373,383,390,400-401
,403-414,418,420-423,430-433,440-442,450,452,460,470-474,481-485,500-504,507-511,513-517,521-523,550-554,556-557,560-571,600,603,651,655,660-661,666,670,684-685,687,695,750-754,756,760-765,770-774,777,781-784,798,801-
804,810-812,814,817-823,825,848-856,858-861,870,880-886,888,890-896,901,911-913,950,982,994-997,999,2000-2011,2026
Eth1/15       Feature VTP is not enabled
none
Eth1/17       Feature VTP is not enabled
none
Eth1/19       Feature VTP is not enabled
none
Eth1/20       Feature VTP is not enabled
none
Eth1/21       Feature VTP is not enabled
none
Eth1/22       Feature VTP is not enabled
none
Eth1/23       Feature VTP is not enabled
69,96-97,110,431,440,849
Eth1/24       Feature VTP is not enabled
none
Eth1/25       Feature VTP is not enabled
none
Eth1/26       Feature VTP is not enabled
none
Eth1/27       Feature VTP is not enabled
none
Eth1/28       Feature VTP is not enabled
none
Eth1/29       Feature VTP is not enabled
none
Eth1/30       Feature VTP is not enabled
none
Eth1/31       Feature VTP is not enabled
none
Eth1/32       Feature VTP is not enabled
none
Eth1/33       Feature VTP is not enabled
none
Eth1/34       Feature VTP is not enabled
62,69,110,114,143,160,208,211-212,219,390,404,408,414,431,553,564,849
Eth1/35       Feature VTP is not enabled
none
Eth1/36       Feature VTP is not enabled
62,69,110,212,305,390,403-404,410,413,418,430-431,433,440,553,753,849,851-852
Eth1/37       Feature VTP is not enabled
69,110,207,211,390,404,412,418,420,431,553,563,753,849,999
Eth1/38       Feature VTP is not enabled
69,110,211,224,383,390,401,430-431,481-483,553,753
Eth1/39       Feature VTP is not enabled
1,8-14,20-23,61-66,69-71,90,96-114,117-119,121-122,125,127,141-144,146-149,151,160-161,170,180,191,201-203,205,207-212,214-220,223-226,228,230-233,245,281,294-298,302-305,310-312,333,351-352,361-362,373,383,390,400-40
1,403-414,418,420-423,430-433,440-442,450,452,460,470-474,481-485,500-504,507-511,513-517,521-523,550-554,556-557,560-571,600,603,651,655,660-661,666,670,684-685,687,695,750-754,756,760-765,770-774,777,781-784,798,801
-804,810-812,814,817-823,825,848-856,858-861,870,880-886,888,890-896,901,911-913,950,982,994-997,999,1111,2000-2011,2026,2222
Eth1/40       Feature VTP is not enabled
64,69,110,113,191,219,351,361,373,390,401,403-404,431,563,751,753
Eth1/41       Feature VTP is not enabled
69,110,390,410,431,753,849
Eth1/42       Feature VTP is not enabled
69,110,303,390,401,404-405,412,418,431,564,603,753,811,849
Eth1/43       Feature VTP is not enabled
69,110,114,296,352,362,390,409,418,430-431,563-564,848-849,854-855
Eth1/44       Feature VTP is not enabled
22-23,69,110,202,207,211-212,219-220,224-225,294-298,303-304,352,362,390,407,409-410,413,418,431,460,471,485,563-564,804,810-812,814,817-820,849-856,858-861,911,2000-2011
Eth1/45       Feature VTP is not enabled
10-14,20-23,61-66,69-71,90,96-114,117-119,121-122,125,127,141-144,146-149,151,160-161,170,180,191,201-203,205,207-212,214-220,223-226,228,230-233,245,281,294-298,302-305,310-312,333,351-352,361-362,373,383,390,400-401
,403-414,418,420-423,430-433,440-442,450,452,460,470-474,481-485,500-504,507-511,513-517,521-523,550-554,556-557,560-571,600,603,651,655,660-661,666,670,684-685,687,695,750-754,756,760-765,770-774,777,781-784,798,801-
804,810-812,814,817-823,825,848-856,858-861,870,880-886,888,890-896,901,911-913,950,982,994-997,999
Eth1/46       Feature VTP is not enabled
10-14,20-23,61-66,69-71,90,96-114,117-119,121-122,125,127,141-144,146-149,151,160-161,170,180,191,201-203,205,207-212,214-220,223-226,228,230-233,245,281,294-298,302-305,310-312,333,351-352,361-362,373,383,390,400-401
,403-414,418,420-423,430-433,440-442,450,452,460,470-474,481-485,500-504,507-511,513-517,521-523,550-554,556-557,560-571,600,603,651,655,660-661,666,670,684-685,687,695,750-754,756,760-765,770-774,777,781-784,798,801-
804,810-812,814,817-823,825,848-856,858-861,870,880-886,888,890-896,901,911-913,950,982,994-997,999
Eth1/47       Feature VTP is not enabled
none
Eth1/48       Feature VTP is not enabled
none
Eth1/49       Feature VTP is not enabled
12,20,61-66,69,97-99,110-112,191,303,390,403-409,421-423,430-431,450,452,460,470-474,481-485,500-504,507-511,513-517,521-523,550-554,556-557,560-571,651,655,660-661,666,670,684-685,687,695,822,825,852-856,858-861,870,
880-886,888,890-896
Eth1/50       Feature VTP is not enabled
10-14,20-23,61-66,69-71,90,96-114,117-119,121-122,125,127,141-144,146-149,151,160-161,170,180,191,201-203,205,207-212,214-220,223-226,228,230-233,245,281,294-298,302-305,310-312,333,351-352,361-362,373,383,390,400-401
,403-414,418,420-423,430-433,440-442,450,452,460,470-474,481-485,500-504,507-511,513-517,521-523,550-554,556-557,560-571,600,603,651,655,660-661,666,670,684-685,687,695,750-754,756,760-765,770-774,777,781-784,798,801-
804,810-812,814,817-823,825,848-856,858-861,870,880-886,888,890-896,901,911-913,950,982,994-997,999,1111,2222
Eth1/53       Feature VTP is not enabled
none
Eth1/54       Feature VTP is not enabled
none
Po1           Feature VTP is not enabled
1,9-14,20-23,61-66,69-71,90,96-114,117-119,121-122,125,127,141-144,146-149,151,160-161,170,180,191,201-203,205,207-212,214-220,223-226,228,230-233,245,281,294-298,302-305,310-312,333,351-352,361-362,373,383,390,400-40
1,403-414,418,420-423,430-433,440-442,450,452,460,470-474,481-485,500-504,507-511,513-517,521-523,550-554,556-557,560-571,600,603,651,655,660-661,666,670,684-685,687,695,750-754,756,760-765,770-774,777,781-784,798,801
-804,810-812,814,817-823,825,848-856,858-861,870,880-886,888,890-896,901,911-913,950,982,994-997,2000-2011,2026
Po10          Feature VTP is not enabled
100-114,117-119,121-122,125,127,141-144,146-149,151,160-161,170,180,191,201-203,205,207-212,214-220,223-226,228,230-233,245,281,294-298,302-305,310-312,333,351-352,361-362,373,383,390,400-401,403-414,418,420-423,430-4
33,440-442,450,452,460,470-474,481-485,500-504,507-511,513-517,521-523,550-554,556-557,560-571,600,603,651,655,660-661,666,670,684-685,687,695,750-754,756,760-765,770-774,777,781-784,798,801-804,810-812,814,817-823,82
5,848-856,858-861,870,880-886,888,890-896,901,911-913,950,982,994-997,999
Po11          Feature VTP is not enabled
10-14,20-23,61-66,69-71,90,96-114,117-119,121-122,125,127,141-144,146-149,151,160-161,170,180,191,201-203,205,207-212,214-220,223-226,228,230-233,245,281,294-298,302-305,310-312,333,351-352,361-362,373,383,390,400-401
,403-414,418,420-423,430-433,440-442,450,452,460,470-474,481-485,500-504,507-511,513-517,521-523,550-554,556-557,560-571,600,603,651,655,660-661,666,670,684-685,687,695,750-754,756,760-765,770-774,777,781-784,798,801-
804,810-812,814,817-823,825,848-856,858-861,870,880-886,888,890-896,901,911-913,950,982,994-997
Po12          Feature VTP is not enabled
10-14,20-23,61-66,69-71,90,96-114,117-119,121-122,125,127,141-144,146-149,151,160-161,170,180,191,201-203,205,207-212,214-220,223-226,228,230-233,245,281,294-298,302-305,310-312,333,351-352,361-362,373,383,390,400-401
,403-414,418,420-423,430-433,440-442,450,452,460,470-474,481-485,500-504,507-511,513-517,521-523,550-554,556-557,560-571,600,603,651,655,660-661,666,670,684-685,687,695,750-754,756,760-765,770-774,777,781-784,798,801-
804,810-812,814,817-823,825,848-856,858-861,870,880-886,888,890-896,901,911-913,950,982,994-997
Po13          Feature VTP is not enabled
10-14,20-23,61-66,69-71,90,96-114,117-119,121-122,125,127,141-144,146-149,151,160-161,170,180,191,201-203,205,207-212,214-220,223-226,228,230-233,245,281,294-298,302-305,310-312,333,351-352,361-362,373,383,390,400-401
,403-414,418,420-423,430-433,440-442,450,452,460,470-474,481-485,500-504,507-511,513-517,521-523,550-554,556-557,560-571,600,603,651,655,660-661,666,670,684-685,687,695,750-754,756,760-765,770-774,777,781-784,798,801-
804,810-812,814,817-823,825,848-856,858-861,870,880-886,888,890-896,901,911-913,950,982,994-997
Po14          Feature VTP is not enabled
10-14,20-23,61-66,69-71,90,96-114,117-119,121-122,125,127,141-144,146-149,151,160-161,170,180,191,201-203,205,207-212,214-220,223-226,228,230-233,245,281,294-298,302-305,310-312,333,351-352,361-362,373,383,390,400-401
,403-414,418,420-423,430-433,440-442,450,452,460,470-474,481-485,500-504,507-511,513-517,521-523,550-554,556-557,560-571,600,603,651,655,660-661,666,670,684-685,687,695,750-754,756,760-765,770-774,777,781-784,798,801-
804,810-812,814,817-823,825,848-856,858-861,870,880-886,888,890-896,901,911-913,950,982,994-997
Po15          Feature VTP is not enabled
10-14,20-23,61-66,69-71,90,96-114,117-119,121-122,125,127,141-144,146-149,151,160-161,170,180,191,201-203,205,207-212,214-220,223-226,228,230-233,245,281,294-298,302-305,310-312,333,351-352,361-362,373,383,390,400-401
,403-414,418,420-423,430-433,440-442,450,452,460,470-474,481-485,500-504,507-511,513-517,521-523,550-554,556-557,560-571,600,603,651,655,660-661,666,670,684-685,687,695,750-754,756,760-765,770-774,777,781-784,798,801-
804,810-812,814,817-823,825,848-856,858-861,870,880-886,888,890-896,901,911-913,950,982,994-997
Po16          Feature VTP is not enabled
10-14,20-23,61-66,69-71,90,96-114,117-119,121-122,125,127,141-144,146-149,151,160-161,170,180,191,201-203,205,207-212,214-220,223-226,228,230-233,245,281,294-298,302-305,310-312,333,351-352,361-362,373,383,390,400-401
,403-414,418,420-423,430-433,440-442,450,452,460,470-474,481-485,500-504,507-511,513-517,521-523,550-554,556-557,560-571,600,603,651,655,660-661,666,670,684-685,687,695,750-754,756,760-765,770-774,777,781-784,798,801-
804,810-812,814,817-823,825,848-856,858-861,870,880-886,888,890-896,901,911-913,950,982,994-997
Po17          Feature VTP is not enabled
10-14,20-23,61-66,69-71,90,96-114,117-119,121-122,125,127,141-144,146-149,151,160-161,170,180,191,201-203,205,207-212,214-220,223-226,228,230-233,245,281,294-298,302-305,310-312,333,351-352,361-362,373,383,390,400-401
,403-414,418,420-423,430-433,440-442,450,452,460,470-474,481-485,500-504,507-511,513-517,521-523,550-554,556-557,560-571,600,603,651,655,660-661,666,670,684-685,687,695,750-754,756,760-765,770-774,777,781-784,798,801-
804,810-812,814,817-823,825,848-856,858-861,870,880-886,888,890-896,901,911-913,950,982,994-997
Po19          Feature VTP is not enabled
220,422,552,568,2000-2011
Po20          Feature VTP is not enabled
10-14,20-23,61-66,69-71,90,96-114,117-119,121-122,125,127,141-144,146-149,151,160-161,170,180,191,201-203,205,207-212,214-220,223-226,228,230-233,245,281,294-298,302-305,310-312,333,351-352,361-362,373,383,390,400-401
,403-414,418,420-423,430-433,440-442,450,452,460,470-474,481-485,500-504,507-511,513-517,521-523,550-554,556-557,560-571,600,603,651,655,660-661,666,670,684-685,687,695,750-754,756,760-765,770-774,777,781-784,798,801-
804,810-812,814,817-823,825,848-856,858-861,870,880-886,888,890-896,901,911-913,950,982,994-997
Po21          Feature VTP is not enabled
61,113
Po100         Feature VTP is not enabled
none
Po101         Feature VTP is not enabled
none
