NET-S1# sh int trunk

--------------------------------------------------------------------------------
Port          Native  Status        Port
              Vlan                  Channel
--------------------------------------------------------------------------------
Eth1/1        69      trunking      --
Eth1/2        63      trunking      --
Eth1/3        1       trunking      --
Eth1/4        1       trunking      --
Eth1/5        1       trunking      --
Eth1/6        1       trunking      --
Eth1/46       20      trunking      --
Eth1/47       12      trunking      --
Eth1/48       69      trunking      --
Eth1/49       1       trunking      --
Eth1/50       1       trunking      --

--------------------------------------------------------------------------------
Port          Vlans Allowed on Trunk
--------------------------------------------------------------------------------
Eth1/1        63,69,191,390,431,442,521-522,570,603,685,695
Eth1/2        63,69,98,100,110,118,390,410,431,505,513,516,521,753
Eth1/3        1-4094
Eth1/4        1-4094
Eth1/5        69,390,431,503,753
Eth1/6        69,98-99,110,390,430-431,503,513
Eth1/46       10-1000
Eth1/47       10-1000
Eth1/48       10-1000
Eth1/49       10-1000,2000-2020
Eth1/50       10-1000,2000-2020

--------------------------------------------------------------------------------
Port          Vlans Err-disabled on Trunk
--------------------------------------------------------------------------------
Eth1/1        none
Eth1/2        none
Eth1/3        none
Eth1/4        none
Eth1/5        none
Eth1/6        none
Eth1/46       none
Eth1/47       none
Eth1/48       none
Eth1/49       none
Eth1/50       none

--------------------------------------------------------------------------------
Port          STP Forwarding
--------------------------------------------------------------------------------
Eth1/1        63,69,191,390,431,442,521-522,570,603,685,695
Eth1/2        63,69,98,100,110,118,390,410,431,513,516,521,753
Eth1/3        1,11-14,20,30,61-66,69,91,97-101,103-106,110-113,118,122,141-142,160,191,205,208-212,215,217,224,281,303,305,310,333,390,400-401,403-405,407,410,412-414,418,420-422,430-431,442,452,470-473,481-482,500-50
4,507-511,513-517,520-523,555,560-571,581-582,590,600,603,651,655,660-661,670,684-687,695,753,760-765,802,810,822,824-825,849-853,858,880-886,888,890-896,900,902,982
Eth1/4        1,11-14,20,30,61-66,69,91,97-101,103-106,110-113,118,122,141-142,160,191,205,208-212,215,217,224,281,303,305,310,333,390,400-401,403-405,407,410,412-414,418,420-422,430-431,442,452,470-473,481-482,500-50
4,507-511,513-517,520-523,555,560-571,581-582,590,600,603,651,655,660-661,670,684-687,695,753,760-765,802,810,822,824-825,849-853,858,880-886,888,890-896,900,902,982
Eth1/5        69,390,431,503,753
Eth1/6        69,98-99,110,390,430-431,503,513
Eth1/46       none
Eth1/47       none
Eth1/48       11-14,20,30,61-66,69,91,97-101,103-106,110-113,118,122,141-142,160,191,205,208-212,215,217,224,281,303,305,310,333,390,400-401,403-405,407,410,412-414,418,420-422,430-431,442,452,470-473,481-482,500-504,
507-511,513-517,520-523,555,560-571,581-582,590,600,603,651,655,660-661,670,684-687,695,753,760-765,802,810,822,824-825,849-853,858,880-886,888,890-896,900,902,982
Eth1/49       11-14,20,30,61-66,69,91,97-101,103-106,110-113,118,122,141-142,160,191,205,208-212,215,217,224,281,303,305,310,333,390,400-401,403-405,407,410,412-414,418,420-422,430-431,442,452,470-473,481-482,500-504,
507-511,513-517,520-523,555,560-571,581-582,590,600,603,651,655,660-661,670,684-687,695,753,760-765,802,810,822,824-825,849-853,858,880-886,888,890-896,900,902,982
Eth1/50       none

--------------------------------------------------------------------------------
Port          Vlans in spanning tree forwarding state and not pruned
--------------------------------------------------------------------------------
Eth1/1        Feature VTP is not enabled
63,69,191,390,431,442,521-522,570,603,685,695
Eth1/2        Feature VTP is not enabled
63,69,98,100,110,118,390,410,431,513,516,521,753
Eth1/3        Feature VTP is not enabled
1,11-14,20,30,61-66,69,91,97-101,103-106,110-113,118,122,141-142,160,191,205,208-212,215,217,224,281,303,305,310,333,390,400-401,403-405,407,410,412-414,418,420-422,430-431,442,452,470-473,481-482,500-504,507-511,513-
517,520-523,555,560-571,581-582,590,600,603,651,655,660-661,670,684-687,695,753,760-765,802,810,822,824-825,849-853,858,880-886,888,890-896,900,902,982
Eth1/4        Feature VTP is not enabled
1,11-14,20,30,61-66,69,91,97-101,103-106,110-113,118,122,141-142,160,191,205,208-212,215,217,224,281,303,305,310,333,390,400-401,403-405,407,410,412-414,418,420-422,430-431,442,452,470-473,481-482,500-504,507-511,513-
517,520-523,555,560-571,581-582,590,600,603,651,655,660-661,670,684-687,695,753,760-765,802,810,822,824-825,849-853,858,880-886,888,890-896,900,902,982
Eth1/5        Feature VTP is not enabled
69,390,431,503,753
Eth1/6        Feature VTP is not enabled
69,98-99,110,390,430-431,503,513
Eth1/46       Feature VTP is not enabled
none
Eth1/47       Feature VTP is not enabled
none
Eth1/48       Feature VTP is not enabled
11-14,20,30,61-66,69,91,97-101,103-106,110-113,118,122,141-142,160,191,205,208-212,215,217,224,281,303,305,310,333,390,400-401,403-405,407,410,412-414,418,420-422,430-431,442,452,470-473,481-482,500-504,507-511,513-51
7,520-523,555,560-571,581-582,590,600,603,651,655,660-661,670,684-687,695,753,760-765,802,810,822,824-825,849-853,858,880-886,888,890-896,900,902,982
Eth1/49       Feature VTP is not enabled
11-14,20,30,61-66,69,91,97-101,103-106,110-113,118,122,141-142,160,191,205,208-212,215,217,224,281,303,305,310,333,390,400-401,403-405,407,410,412-414,418,420-422,430-431,442,452,470-473,481-482,500-504,507-511,513-51
7,520-523,555,560-571,581-582,590,600,603,651,655,660-661,670,684-687,695,753,760-765,802,810,822,824-825,849-853,858,880-886,888,890-896,900,902,982
Eth1/50       Feature VTP is not enabled
none
