NKATA>sh int trunk

Port          Mode         Encapsulation  Status        Native vlan
Gi2/3         on           802.1q         trunking      516
Gi2/4         on           802.1q         trunking      516
Gi2/5         on           802.1q         trunking      513
Gi2/6         on           802.1q         trunking      69
Gi2/9         on           802.1q         trunking      508
Gi2/10        on           802.1q         trunking      69
Gi2/11        on           802.1q         trunking      510
Gi2/12        on           802.1q         trunking      69
Gi2/13        on           802.1q         trunking      502
Gi2/15        on           802.1q         trunking      63
Gi2/18        on           802.1q         trunking      63
Gi2/19        on           802.1q         trunking      69
Gi4/14        on           802.1q         trunking      69
Gi4/36        on           802.1q         trunking      684
Gi4/37        on           802.1q         trunking      696
Gi4/40        on           802.1q         trunking      1
Gi4/44        on           802.1q         trunking      69
Gi4/47        on           802.1q         trunking      1
Te9/2         on           802.1q         trunking      1
Te9/3         on           802.1q         trunking      12
Te9/4         on           802.1q         trunking      69
Po1           on           802.1q         trunking      1

Port          Vlans allowed on trunk
Gi2/3         63,69,98,100,110-111,118,209,390,413,431,500-514,516-600,753
Gi2/4         63,69,98,100,110-111,118,209,390,431,500-514,516-600,753
Gi2/5         390,501,503,511,513,516,523,684
Gi2/6         69,390,507
Gi2/9         503,508
Gi2/10        69,100,390,511,513
Gi2/11        100,390,500,510,517,520,753
Gi2/12        69,390,504,508,514
Gi2/13        390,502
Gi2/15        63,98,100,110,118,390,431,505,513,516,521,753
Gi2/18        63,404,507,509,517,753
Gi2/19        1-4094
Gi4/14        63,69,100,122,160,303,390,401,418,421,431,440,485,566,603,651,660-661,687,753,760,802,810
Gi4/36        99,110,390,431,603,684,753
Gi4/37        390,431,686,695-696
Gi4/40        63,69,390,431,570-571,685,695,753
Gi4/44        69,303,390,431,684,686,695
Gi4/47        100-514,516-649,700-900
Te9/2         69,211,224,390,401,418,430-431,566,822,824-825,852-853,858,870-899
Te9/3         12,20,62-63,66,69,98,100-514,516-520,522-649,655,660-699,750-765,770-777,781,784,798,802,810-820,822,825,850-859,870-899
Te9/4         10-1000
Po1           63,100-112,118,191,210,214-215,401,403-405,410,412-413,471-473,481-482,503,510,517,660,687,753,761-765,781

Port          Vlans allowed and active in management domain
Gi2/3         63,69,98,100,110-111,118,209,390,413,431,500-504,507-511,513-514,516-517,520-523,555,560-571,581-582,590,600,753
Gi2/4         63,69,98,100,110-111,118,209,390,431,500-504,507-511,513-514,516-517,520-523,555,560-571,581-582,590,600,753
Gi2/5         390,501,503,511,513,516,523,684
Gi2/6         69,390,507
Gi2/9         503,508
Gi2/10        69,100,390,511,513
Gi2/11        100,390,500,510,517,520,753
Gi2/12        69,390,504,508,514
Gi2/13        390,502
Gi2/15        63,98,100,110,118,390,431,513,516,521,753
Gi2/18        63,404,507,509,517,753
Gi2/19        1,12,20,30,61-63,66,69,91,97-101,103-106,110-113,118,122,141-142,160,191,205,208-212,214-215,217,224,281,303,305,310,333,390,400-401,403-405,407,410,412-413,418,420-422,430-431,440,442,452,470-473,481-482,485,500-504,507-511,513-517,520-523,555,560-571,581-582,590,600,603,651,655-656,660-661,670,680,682,684-687,695-696,700,750-754,756,760-765,770-774,777,781-784,798,802,810,822,824-825,849-853,858,870,880-886,888,890-896,900,902,982
Gi4/14        63,69,100,122,160,303,390,401,418,421,431,440,485,566,603,651,660-661,687,753,760,802,810
Gi4/36        99,110,390,431,603,684,753
Gi4/37        390,431,686,695-696
Gi4/40        63,69,390,431,570-571,685,695,753
Gi4/44        69,303,390,431,684,686,695
          
Port          Vlans allowed and active in management domain
Gi4/47        100-101,103-106,110-113,118,122,141-142,160,191,205,208-212,214-215,217,224,281,303,305,310,333,390,400-401,403-405,407,410,412-413,418,420-422,430-431,440,442,452,470-473,481-482,485,500-504,507-511,513-514,516-517,520-523,555,560-571,581-582,590,600,603,700,750-754,756,760-765,770-774,777,781-784,798,802,810,822,824-825,849-853,858,870,880-886,888,890-896,900
Te9/2         69,211,224,390,401,418,430-431,566,822,824-825,852-853,858,870,880-886,888,890-896
Te9/3         12,20,62-63,66,69,98,100-101,103-106,110-113,118,122,141-142,160,191,205,208-212,214-215,217,224,281,303,305,310,333,390,400-401,403-405,407,410,412-413,418,420-422,430-431,440,442,452,470-473,481-482,485,500-504,507-511,513-514,516-517,520,522-523,555,560-571,581-582,590,600,603,655,660-661,670,680,682,684-687,695-696,750-754,756,760-765,770-774,777,781,784,798,802,810,822,825,850-853,858,870,880-886,888,890-896
Te9/4         12,20,30,61-63,66,69,91,97-101,103-106,110-113,118,122,141-142,160,191,205,208-212,214-215,217,224,281,303,305,310,333,390,400-401,403-405,407,410,412-413,418,420-422,430-431,440,442,452,470-473,481-482,485,500-504,507-511,513-517,520-523,555,560-571,581-582,590,600,603,651,655-656,660-661,670,680,682,684-687,695-696,700,750-754,756,760-765,770-774,777,781-784,798,802,810,822,824-825,849-853,858,870,880-886,888,890-896,900,902,982
Po1           63,100-101,103-106,110-112,118,191,210,214-215,401,403-405,410,412-413,471-473,481-482,503,510,517,660,687,753,761-765,781

Port          Vlans in spanning tree forwarding state and not pruned
Gi2/3         63,69,98,100,110-111,118,209,390,413,431,500-504,507-511,513-514,516-517,520-523,555,560-571,581-582,590,600,753
Gi2/4         63,69,98,100,110-111,118,209,390,431,500-504,507-511,513-514,516-517,520-523,555,560-571,581-582,590,600,753
Gi2/5         390,501,503,511,513,516,523,684
Gi2/6         69,390,507
Gi2/9         503,508
Gi2/10        69,100,390,511,513
Gi2/11        100,390,500,510,517,520,753
Gi2/12        69,390,504,508,514
Gi2/13        390,502
Gi2/15        63,98,100,110,118,390,431,513,516,521,753
Gi2/18        63,404,507,509,517,753
Gi2/19        1,12,20,30,61-63,66,69,91,97-101,103-106,110-113,118,122,141-142,160,191,205,208-212,214-215,217,224,281,303,305,310,333,390,400-401,403-405,407,410,412-413,418,420-422,430-431,440,442,452,470-473,481-482,485,500-504,507-511,513-517,520-523,555,560-571,581-582,590,600,603,651,655-656,660-661,670,680,682,684-687,695-696,700,750-754,756,760-765,770-774,777,781-784,798,802,810,822,824-825,849-853,858,870,880-886,888,890-896,900,902,982
Gi4/14        63,69,100,122,160,303,390,401,418,421,431,440,485,566,603,651,660-661,687,753,760,802,810
Gi4/36        99,110,390,431,603,684,753
Gi4/37        390,431,686,695-696
Gi4/40        63,69,390,431,570-571,685,695,753
Gi4/44        69,303,390,431,684,686,695
Gi4/47        100-101,103-106,110-113,118,122,141-142,160,191,205,208-212,214-215,217,224,281,303,305,310,333,390,400-401,403-405,407,410,412-413,418,420-422,430-431,440,442,452,470-473,481-482,485,500-504,507-511,513-514,516-517,520-523,555,560-571,581-582,590,600,603,700,750-754,756,760-765,770-774,777,781-784,798,802,810,822,824-825,849-853,858,870,880-886,888,890-896,900
Te9/2         69,211,224,390,401,418,430-431,566,822,824-825,852-853,858,870,880-886,888,890-896
Te9/3         12,20,66,100-101,103-106,113,118,122,141-142,160,205,208-212,214-215,217,224,281,305,310,333,400-401,410,412-413,418,420,440,442,485,500-504,507-511,513-514,516-517,520,523,555,560-571,581-582,590,600,603,655,660-661,670,680,682,684-687,695-696,750-754,756,760-765,770-774,777,781,784,798,802,810,825,850-851,870
Te9/4         12,20,30,61-63,66,69,91,97-101,103-106,110-113,118,122,141-142,160,191,205,208-212,214-215,217,224,281,303,305,310,333,390,400-401,403-405,407,410,412-413,418,420-422,430-431,440,442,452,470-473,481-482,485,500-504,507-511,513-517,520-523,555,560-571,581-582,590,600,603,651,655-656,660-661,670,680,682,684-687,695-696,700,750-754,756,760-765,770-774,777,781-784,798,802,810,822,824-825,849-853,858,870,880-886,888,890-896,900,902,982
Po1           63,100-101,103-106,110-112,118,191,210,214-215,401,403-405,410,412-413,471-473,481-482,503,510,517,660,687,753,761-765,781
